Z80 Macro Assembler ZMA v1.0.17
=====================================================
Programmed by t.hara

  DEFS is DEFINE STRING (default).
  OUTPUT TYPE: BINARY

<< code >>
LINE# |OFFSET|ADDR|MNEMONIC
======+======+====+==================================
     7|      |    |ORG 0x100
------+------+----+----------------------------------
     9|      |    |BDOS := 0x0005
      |      |    |  Global integer symbol [BDOS] = 5 (0x5)
------+------+----+----------------------------------
    10|      |    |RDSLT := 0x000C
      |      |    |  Global integer symbol [RDSLT] = 12 (0xc)
------+------+----+----------------------------------
    11|      |    |ENASLT := 0x0024
      |      |    |  Global integer symbol [ENASLT] = 36 (0x24)
------+------+----+----------------------------------
    14|      |    |_TERM0 := 0x00
      |      |    |  Global integer symbol [_TERM0] = 0 (0x0)
------+------+----+----------------------------------
    15|      |    |_CONIN := 0x01
      |      |    |  Global integer symbol [_CONIN] = 1 (0x1)
------+------+----+----------------------------------
    16|      |    |_CONOUT := 0x02
      |      |    |  Global integer symbol [_CONOUT] = 2 (0x2)
------+------+----+----------------------------------
    17|      |    |_AUXIN := 0x03
      |      |    |  Global integer symbol [_AUXIN] = 3 (0x3)
------+------+----+----------------------------------
    18|      |    |_AUXOUT := 0x04
      |      |    |  Global integer symbol [_AUXOUT] = 4 (0x4)
------+------+----+----------------------------------
    19|      |    |_LSTOUT := 0x05
      |      |    |  Global integer symbol [_LSTOUT] = 5 (0x5)
------+------+----+----------------------------------
    20|      |    |_DIRIO := 0x06
      |      |    |  Global integer symbol [_DIRIO] = 6 (0x6)
------+------+----+----------------------------------
    21|      |    |_DIRIN := 0x07
      |      |    |  Global integer symbol [_DIRIN] = 7 (0x7)
------+------+----+----------------------------------
    22|      |    |_INNOE := 0x08
      |      |    |  Global integer symbol [_INNOE] = 8 (0x8)
------+------+----+----------------------------------
    23|      |    |_STROUT := 0x09
      |      |    |  Global integer symbol [_STROUT] = 9 (0x9)
------+------+----+----------------------------------
    24|      |    |_BUFIN := 0x0A
      |      |    |  Global integer symbol [_BUFIN] = 10 (0xa)
------+------+----+----------------------------------
    25|      |    |_CONST := 0x0B
      |      |    |  Global integer symbol [_CONST] = 11 (0xb)
------+------+----+----------------------------------
    26|      |    |_CPMVER := 0x0C
      |      |    |  Global integer symbol [_CPMVER] = 12 (0xc)
------+------+----+----------------------------------
    27|      |    |_DSKRST := 0x0D
      |      |    |  Global integer symbol [_DSKRST] = 13 (0xd)
------+------+----+----------------------------------
    28|      |    |_SELDSK := 0x0E
      |      |    |  Global integer symbol [_SELDSK] = 14 (0xe)
------+------+----+----------------------------------
    29|      |    |_FOPEN := 0x0F
      |      |    |  Global integer symbol [_FOPEN] = 15 (0xf)
------+------+----+----------------------------------
    30|      |    |_FCLOSE := 0x10
      |      |    |  Global integer symbol [_FCLOSE] = 16 (0x10)
------+------+----+----------------------------------
    31|      |    |_SFIRST := 0x11
      |      |    |  Global integer symbol [_SFIRST] = 17 (0x11)
------+------+----+----------------------------------
    32|      |    |_SNEXT := 0x12
      |      |    |  Global integer symbol [_SNEXT] = 18 (0x12)
------+------+----+----------------------------------
    33|      |    |_FDEL := 0x13
      |      |    |  Global integer symbol [_FDEL] = 19 (0x13)
------+------+----+----------------------------------
    34|      |    |_RDSEQ := 0x14
      |      |    |  Global integer symbol [_RDSEQ] = 20 (0x14)
------+------+----+----------------------------------
    35|      |    |_WRSEQ := 0x15
      |      |    |  Global integer symbol [_WRSEQ] = 21 (0x15)
------+------+----+----------------------------------
    36|      |    |_FMAKE := 0x16
      |      |    |  Global integer symbol [_FMAKE] = 22 (0x16)
------+------+----+----------------------------------
    37|      |    |_FREN := 0x17
      |      |    |  Global integer symbol [_FREN] = 23 (0x17)
------+------+----+----------------------------------
    38|      |    |_LOGIN := 0x18
      |      |    |  Global integer symbol [_LOGIN] = 24 (0x18)
------+------+----+----------------------------------
    39|      |    |_CURDRV := 0x19
      |      |    |  Global integer symbol [_CURDRV] = 25 (0x19)
------+------+----+----------------------------------
    40|      |    |_SETDTA := 0x1A
      |      |    |  Global integer symbol [_SETDTA] = 26 (0x1a)
------+------+----+----------------------------------
    41|      |    |_ALLOC := 0x1B
      |      |    |  Global integer symbol [_ALLOC] = 27 (0x1b)
------+------+----+----------------------------------
    42|      |    |_RDRND := 0x21
      |      |    |  Global integer symbol [_RDRND] = 33 (0x21)
------+------+----+----------------------------------
    43|      |    |_WRRND := 0x22
      |      |    |  Global integer symbol [_WRRND] = 34 (0x22)
------+------+----+----------------------------------
    44|      |    |_FSIZE := 0x23
      |      |    |  Global integer symbol [_FSIZE] = 35 (0x23)
------+------+----+----------------------------------
    45|      |    |_SETRND := 0x24
      |      |    |  Global integer symbol [_SETRND] = 36 (0x24)
------+------+----+----------------------------------
    46|      |    |_WRBLK := 0x26
      |      |    |  Global integer symbol [_WRBLK] = 38 (0x26)
------+------+----+----------------------------------
    47|      |    |_RDBLK := 0x27
      |      |    |  Global integer symbol [_RDBLK] = 39 (0x27)
------+------+----+----------------------------------
    48|      |    |_WRSER := 0x28
      |      |    |  Global integer symbol [_WRSER] = 40 (0x28)
------+------+----+----------------------------------
    49|      |    |_GDATE := 0x2A
      |      |    |  Global integer symbol [_GDATE] = 42 (0x2a)
------+------+----+----------------------------------
    50|      |    |_SDATE := 0x2B
      |      |    |  Global integer symbol [_SDATE] = 43 (0x2b)
------+------+----+----------------------------------
    51|      |    |_GTIME := 0x2C
      |      |    |  Global integer symbol [_GTIME] = 44 (0x2c)
------+------+----+----------------------------------
    52|      |    |_STIME := 0x2D
      |      |    |  Global integer symbol [_STIME] = 45 (0x2d)
------+------+----+----------------------------------
    53|      |    |_VERIFY := 0x2E
      |      |    |  Global integer symbol [_VERIFY] = 46 (0x2e)
------+------+----+----------------------------------
    54|      |    |_RDABS := 0x2F
      |      |    |  Global integer symbol [_RDABS] = 47 (0x2f)
------+------+----+----------------------------------
    55|      |    |_WRABS := 0x30
      |      |    |  Global integer symbol [_WRABS] = 48 (0x30)
------+------+----+----------------------------------
    56|      |    |_DPARM := 0x31
      |      |    |  Global integer symbol [_DPARM] = 49 (0x31)
------+------+----+----------------------------------
    57|      |    |_FFIRST := 0x40
      |      |    |  Global integer symbol [_FFIRST] = 64 (0x40)
------+------+----+----------------------------------
    58|      |    |_FNEXT := 0x41
      |      |    |  Global integer symbol [_FNEXT] = 65 (0x41)
------+------+----+----------------------------------
    59|      |    |_FNEW := 0x42
      |      |    |  Global integer symbol [_FNEW] = 66 (0x42)
------+------+----+----------------------------------
    63|      |    |SCOPE MAIN
      |      |    |  Enter scope: MAIN:
------+------+----+----------------------------------
    64|      |    |MAIN ::
      |      |    |  global label [MAIN] address: 0x000100
------+------+----+----------------------------------
    65|      |    |LD DE, S_TITLE
      |      |    |  Z80:11cyc R800:3cyc
      |000000|0100|  11 77 03
------+------+----+----------------------------------
    66|      |    |LD C, _STROUT
      |      |    |  Z80:8cyc R800:2cyc
      |000003|0103|  0E 09
------+------+----+----------------------------------
    67|      |    |CALL BDOS
      |      |    |  Z80:18cyc R800:5cyc
      |000005|0105|  CD 05 00
------+------+----+----------------------------------
    70|      |    |LD DE, S_MAIN_ROM
      |      |    |  Z80:11cyc R800:3cyc
      |000008|0108|  11 A2 03
------+------+----+----------------------------------
    71|      |    |LD C, _STROUT
      |      |    |  Z80:8cyc R800:2cyc
      |00000B|010B|  0E 09
------+------+----+----------------------------------
    72|      |    |CALL BDOS
      |      |    |  Z80:18cyc R800:5cyc
      |00000D|010D|  CD 05 00
------+------+----+----------------------------------
    73|      |    |LD A, 0x80
      |      |    |  Z80:8cyc R800:2cyc
      |000010|0110|  3E 80
------+------+----+----------------------------------
    74|      |    |LD HL, 0x0000
      |      |    |  Z80:11cyc R800:3cyc
      |000012|0112|  21 00 00
------+------+----+----------------------------------
    75|      |    |LD DE, BUFFER
      |      |    |  Z80:11cyc R800:3cyc
      |000015|0115|  11 C3 05
------+------+----+----------------------------------
    76|      |    |LD BC, 0x8000
      |      |    |  Z80:11cyc R800:3cyc
      |000018|0118|  01 00 80
------+------+----+----------------------------------
    77|      |    |CALL ROM_DUMP
      |      |    |  Z80:18cyc R800:5cyc
      |00001B|011B|  CD A2 04
------+------+----+----------------------------------
    79|      |    |LD HL, S_MAIN_ROM_FILE_NAME
      |      |    |  Z80:11cyc R800:3cyc
      |00001E|011E|  21 1A 04
------+------+----+----------------------------------
    80|      |    |LD DE, FCB
      |      |    |  Z80:11cyc R800:3cyc
      |000021|0121|  11 7D 04
------+------+----+----------------------------------
    81|      |    |CALL SUB_FCREATE
      |      |    |  Z80:18cyc R800:5cyc
      |000024|0124|  CD 8B 05
------+------+----+----------------------------------
    82|      |    |OR A, A
      |      |    |  Z80:5cyc R800:1cyc
      |000027|0127|  B7
------+------+----+----------------------------------
    83|      |    |CALL NZ, PUT_ERROR
      |      |    |  Z80:18cyc/11cyc R800:5cyc/3cyc
      |000028|0128|  C4 65 03
------+------+----+----------------------------------
    84|      |    |LD HL, FCB
      |      |    |  Z80:11cyc R800:3cyc
      |00002B|012B|  21 7D 04
------+------+----+----------------------------------
    85|      |    |LD DE, BUFFER
      |      |    |  Z80:11cyc R800:3cyc
      |00002E|012E|  11 C3 05
------+------+----+----------------------------------
    86|      |    |LD BC, 0x8000
      |      |    |  Z80:11cyc R800:3cyc
      |000031|0131|  01 00 80
------+------+----+----------------------------------
    87|      |    |CALL SUB_FWRITE
      |      |    |  Z80:18cyc R800:5cyc
      |000034|0134|  CD B5 05
------+------+----+----------------------------------
    88|      |    |LD HL, FCB
      |      |    |  Z80:11cyc R800:3cyc
      |000037|0137|  21 7D 04
------+------+----+----------------------------------
    89|      |    |CALL SUB_FCLOSE
      |      |    |  Z80:18cyc R800:5cyc
      |00003A|013A|  CD AF 05
------+------+----+----------------------------------
    90|      |    |CALL PUT_CRLF
      |      |    |  Z80:18cyc R800:5cyc
      |00003D|013D|  CD 6E 03
------+------+----+----------------------------------
    92|      |    |LD DE, S_SUB_ROM
      |      |    |  Z80:11cyc R800:3cyc
      |000040|0140|  11 AE 03
------+------+----+----------------------------------
    93|      |    |LD C, _STROUT
      |      |    |  Z80:8cyc R800:2cyc
      |000043|0143|  0E 09
------+------+----+----------------------------------
    94|      |    |CALL BDOS
      |      |    |  Z80:18cyc R800:5cyc
      |000045|0145|  CD 05 00
------+------+----+----------------------------------
    95|      |    |LD A, 0x8B
      |      |    |  Z80:8cyc R800:2cyc
      |000048|0148|  3E 8B
------+------+----+----------------------------------
    96|      |    |LD HL, 0x0000
      |      |    |  Z80:11cyc R800:3cyc
      |00004A|014A|  21 00 00
------+------+----+----------------------------------
    97|      |    |LD DE, BUFFER
      |      |    |  Z80:11cyc R800:3cyc
      |00004D|014D|  11 C3 05
------+------+----+----------------------------------
    98|      |    |LD BC, 0x4000
      |      |    |  Z80:11cyc R800:3cyc
      |000050|0150|  01 00 40
------+------+----+----------------------------------
    99|      |    |CALL ROM_DUMP
      |      |    |  Z80:18cyc R800:5cyc
      |000053|0153|  CD A2 04
------+------+----+----------------------------------
   102|      |    |LD HL, S_SUB_ROM_FILE_NAME
      |      |    |  Z80:11cyc R800:3cyc
      |000056|0156|  21 27 04
------+------+----+----------------------------------
   103|      |    |LD DE, FCB
      |      |    |  Z80:11cyc R800:3cyc
      |000059|0159|  11 7D 04
------+------+----+----------------------------------
   104|      |    |CALL SUB_FCREATE
      |      |    |  Z80:18cyc R800:5cyc
      |00005C|015C|  CD 8B 05
------+------+----+----------------------------------
   105|      |    |OR A, A
      |      |    |  Z80:5cyc R800:1cyc
      |00005F|015F|  B7
------+------+----+----------------------------------
   106|      |    |CALL NZ, PUT_ERROR
      |      |    |  Z80:18cyc/11cyc R800:5cyc/3cyc
      |000060|0160|  C4 65 03
------+------+----+----------------------------------
   107|      |    |LD HL, FCB
      |      |    |  Z80:11cyc R800:3cyc
      |000063|0163|  21 7D 04
------+------+----+----------------------------------
   108|      |    |LD DE, BUFFER
      |      |    |  Z80:11cyc R800:3cyc
      |000066|0166|  11 C3 05
------+------+----+----------------------------------
   109|      |    |LD BC, 0x4000
      |      |    |  Z80:11cyc R800:3cyc
      |000069|0169|  01 00 40
------+------+----+----------------------------------
   110|      |    |CALL SUB_FWRITE
      |      |    |  Z80:18cyc R800:5cyc
      |00006C|016C|  CD B5 05
------+------+----+----------------------------------
   111|      |    |LD HL, FCB
      |      |    |  Z80:11cyc R800:3cyc
      |00006F|016F|  21 7D 04
------+------+----+----------------------------------
   112|      |    |CALL SUB_FCLOSE
      |      |    |  Z80:18cyc R800:5cyc
      |000072|0172|  CD AF 05
------+------+----+----------------------------------
   113|      |    |CALL PUT_CRLF
      |      |    |  Z80:18cyc R800:5cyc
      |000075|0175|  CD 6E 03
------+------+----+----------------------------------
   115|      |    |LD DE, S_IOTBASIC
      |      |    |  Z80:11cyc R800:3cyc
      |000078|0178|  11 C6 03
------+------+----+----------------------------------
   116|      |    |LD C, _STROUT
      |      |    |  Z80:8cyc R800:2cyc
      |00007B|017B|  0E 09
------+------+----+----------------------------------
   117|      |    |CALL BDOS
      |      |    |  Z80:18cyc R800:5cyc
      |00007D|017D|  CD 05 00
------+------+----+----------------------------------
   118|      |    |LD A, 0x84
      |      |    |  Z80:8cyc R800:2cyc
      |000080|0180|  3E 84
------+------+----+----------------------------------
   119|      |    |LD HL, 0x4000
      |      |    |  Z80:11cyc R800:3cyc
      |000082|0182|  21 00 40
------+------+----+----------------------------------
   120|      |    |LD DE, BUFFER
      |      |    |  Z80:11cyc R800:3cyc
      |000085|0185|  11 C3 05
------+------+----+----------------------------------
   121|      |    |LD BC, 0x4000
      |      |    |  Z80:11cyc R800:3cyc
      |000088|0188|  01 00 40
------+------+----+----------------------------------
   122|      |    |CALL ROM_DUMP
      |      |    |  Z80:18cyc R800:5cyc
      |00008B|018B|  CD A2 04
------+------+----+----------------------------------
   125|      |    |LD HL, S_IOTBASIC_ROM_FILE_NAME
      |      |    |  Z80:11cyc R800:3cyc
      |00008E|018E|  21 40 04
------+------+----+----------------------------------
   126|      |    |LD DE, FCB
      |      |    |  Z80:11cyc R800:3cyc
      |000091|0191|  11 7D 04
------+------+----+----------------------------------
   127|      |    |CALL SUB_FCREATE
      |      |    |  Z80:18cyc R800:5cyc
      |000094|0194|  CD 8B 05
------+------+----+----------------------------------
   128|      |    |OR A, A
      |      |    |  Z80:5cyc R800:1cyc
      |000097|0197|  B7
------+------+----+----------------------------------
   129|      |    |CALL NZ, PUT_ERROR
      |      |    |  Z80:18cyc/11cyc R800:5cyc/3cyc
      |000098|0198|  C4 65 03
------+------+----+----------------------------------
   130|      |    |LD HL, FCB
      |      |    |  Z80:11cyc R800:3cyc
      |00009B|019B|  21 7D 04
------+------+----+----------------------------------
   131|      |    |LD DE, BUFFER
      |      |    |  Z80:11cyc R800:3cyc
      |00009E|019E|  11 C3 05
------+------+----+----------------------------------
   132|      |    |LD BC, 0x4000
      |      |    |  Z80:11cyc R800:3cyc
      |0000A1|01A1|  01 00 40
------+------+----+----------------------------------
   133|      |    |CALL SUB_FWRITE
      |      |    |  Z80:18cyc R800:5cyc
      |0000A4|01A4|  CD B5 05
------+------+----+----------------------------------
   134|      |    |LD HL, FCB
      |      |    |  Z80:11cyc R800:3cyc
      |0000A7|01A7|  21 7D 04
------+------+----+----------------------------------
   135|      |    |CALL SUB_FCLOSE
      |      |    |  Z80:18cyc R800:5cyc
      |0000AA|01AA|  CD AF 05
------+------+----+----------------------------------
   136|      |    |CALL PUT_CRLF
      |      |    |  Z80:18cyc R800:5cyc
      |0000AD|01AD|  CD 6E 03
------+------+----+----------------------------------
   138|      |    |LD DE, S_XBASIC
      |      |    |  Z80:11cyc R800:3cyc
      |0000B0|01B0|  11 BA 03
------+------+----+----------------------------------
   139|      |    |LD C, _STROUT
      |      |    |  Z80:8cyc R800:2cyc
      |0000B3|01B3|  0E 09
------+------+----+----------------------------------
   140|      |    |CALL BDOS
      |      |    |  Z80:18cyc R800:5cyc
      |0000B5|01B5|  CD 05 00
------+------+----+----------------------------------
   141|      |    |LD A, 0x88
      |      |    |  Z80:8cyc R800:2cyc
      |0000B8|01B8|  3E 88
------+------+----+----------------------------------
   142|      |    |LD HL, 0x4000
      |      |    |  Z80:11cyc R800:3cyc
      |0000BA|01BA|  21 00 40
------+------+----+----------------------------------
   143|      |    |LD DE, BUFFER
      |      |    |  Z80:11cyc R800:3cyc
      |0000BD|01BD|  11 C3 05
------+------+----+----------------------------------
   144|      |    |LD BC, 0x4000
      |      |    |  Z80:11cyc R800:3cyc
      |0000C0|01C0|  01 00 40
------+------+----+----------------------------------
   145|      |    |CALL ROM_DUMP
      |      |    |  Z80:18cyc R800:5cyc
      |0000C3|01C3|  CD A2 04
------+------+----+----------------------------------
   148|      |    |LD HL, S_XBASIC_ROM_FILE_NAME
      |      |    |  Z80:11cyc R800:3cyc
      |0000C6|01C6|  21 33 04
------+------+----+----------------------------------
   149|      |    |LD DE, FCB
      |      |    |  Z80:11cyc R800:3cyc
      |0000C9|01C9|  11 7D 04
------+------+----+----------------------------------
   150|      |    |CALL SUB_FCREATE
      |      |    |  Z80:18cyc R800:5cyc
      |0000CC|01CC|  CD 8B 05
------+------+----+----------------------------------
   151|      |    |OR A, A
      |      |    |  Z80:5cyc R800:1cyc
      |0000CF|01CF|  B7
------+------+----+----------------------------------
   152|      |    |CALL NZ, PUT_ERROR
      |      |    |  Z80:18cyc/11cyc R800:5cyc/3cyc
      |0000D0|01D0|  C4 65 03
------+------+----+----------------------------------
   153|      |    |LD HL, FCB
      |      |    |  Z80:11cyc R800:3cyc
      |0000D3|01D3|  21 7D 04
------+------+----+----------------------------------
   154|      |    |LD DE, BUFFER
      |      |    |  Z80:11cyc R800:3cyc
      |0000D6|01D6|  11 C3 05
------+------+----+----------------------------------
   155|      |    |LD BC, 0x4000
      |      |    |  Z80:11cyc R800:3cyc
      |0000D9|01D9|  01 00 40
------+------+----+----------------------------------
   156|      |    |CALL SUB_FWRITE
      |      |    |  Z80:18cyc R800:5cyc
      |0000DC|01DC|  CD B5 05
------+------+----+----------------------------------
   157|      |    |LD HL, FCB
      |      |    |  Z80:11cyc R800:3cyc
      |0000DF|01DF|  21 7D 04
------+------+----+----------------------------------
   158|      |    |CALL SUB_FCLOSE
      |      |    |  Z80:18cyc R800:5cyc
      |0000E2|01E2|  CD AF 05
------+------+----+----------------------------------
   159|      |    |CALL PUT_CRLF
      |      |    |  Z80:18cyc R800:5cyc
      |0000E5|01E5|  CD 6E 03
------+------+----+----------------------------------
   162|      |    |LD DE, S_KANJIBASIC
      |      |    |  Z80:11cyc R800:3cyc
      |0000E8|01E8|  11 D2 03
------+------+----+----------------------------------
   163|      |    |LD C, _STROUT
      |      |    |  Z80:8cyc R800:2cyc
      |0000EB|01EB|  0E 09
------+------+----+----------------------------------
   164|      |    |CALL BDOS
      |      |    |  Z80:18cyc R800:5cyc
      |0000ED|01ED|  CD 05 00
------+------+----+----------------------------------
   165|      |    |LD A, 0x8B
      |      |    |  Z80:8cyc R800:2cyc
      |0000F0|01F0|  3E 8B
------+------+----+----------------------------------
   166|      |    |LD HL, 0x4000
      |      |    |  Z80:11cyc R800:3cyc
      |0000F2|01F2|  21 00 40
------+------+----+----------------------------------
   167|      |    |LD DE, BUFFER
      |      |    |  Z80:11cyc R800:3cyc
      |0000F5|01F5|  11 C3 05
------+------+----+----------------------------------
   168|      |    |LD BC, 0x8000
      |      |    |  Z80:11cyc R800:3cyc
      |0000F8|01F8|  01 00 80
------+------+----+----------------------------------
   169|      |    |CALL ROM_DUMP
      |      |    |  Z80:18cyc R800:5cyc
      |0000FB|01FB|  CD A2 04
------+------+----+----------------------------------
   171|      |    |LD HL, S_KANJIDRIVER_ROM_FILE_NAME
      |      |    |  Z80:11cyc R800:3cyc
      |0000FE|01FE|  21 4C 04
------+------+----+----------------------------------
   172|      |    |LD DE, FCB
      |      |    |  Z80:11cyc R800:3cyc
      |000101|0201|  11 7D 04
------+------+----+----------------------------------
   173|      |    |CALL SUB_FCREATE
      |      |    |  Z80:18cyc R800:5cyc
      |000104|0204|  CD 8B 05
------+------+----+----------------------------------
   174|      |    |OR A, A
      |      |    |  Z80:5cyc R800:1cyc
      |000107|0207|  B7
------+------+----+----------------------------------
   175|      |    |CALL NZ, PUT_ERROR
      |      |    |  Z80:18cyc/11cyc R800:5cyc/3cyc
      |000108|0208|  C4 65 03
------+------+----+----------------------------------
   176|      |    |LD HL, FCB
      |      |    |  Z80:11cyc R800:3cyc
      |00010B|020B|  21 7D 04
------+------+----+----------------------------------
   177|      |    |LD DE, BUFFER
      |      |    |  Z80:11cyc R800:3cyc
      |00010E|020E|  11 C3 05
------+------+----+----------------------------------
   178|      |    |LD BC, 0x8000
      |      |    |  Z80:11cyc R800:3cyc
      |000111|0211|  01 00 80
------+------+----+----------------------------------
   179|      |    |CALL SUB_FWRITE
      |      |    |  Z80:18cyc R800:5cyc
      |000114|0214|  CD B5 05
------+------+----+----------------------------------
   180|      |    |LD HL, FCB
      |      |    |  Z80:11cyc R800:3cyc
      |000117|0217|  21 7D 04
------+------+----+----------------------------------
   181|      |    |CALL SUB_FCLOSE
      |      |    |  Z80:18cyc R800:5cyc
      |00011A|021A|  CD AF 05
------+------+----+----------------------------------
   182|      |    |CALL PUT_CRLF
      |      |    |  Z80:18cyc R800:5cyc
      |00011D|021D|  CD 6E 03
------+------+----+----------------------------------
   184|      |    |LD DE, S_KANJIFOONT
      |      |    |  Z80:11cyc R800:3cyc
      |000120|0220|  11 DE 03
------+------+----+----------------------------------
   185|      |    |LD C, _STROUT
      |      |    |  Z80:8cyc R800:2cyc
      |000123|0223|  0E 09
------+------+----+----------------------------------
   186|      |    |CALL BDOS
      |      |    |  Z80:18cyc R800:5cyc
      |000125|0225|  CD 05 00
------+------+----+----------------------------------
   189|      |    |LD HL, S_KANJIFONT_ROM_FILE_NAME
      |      |    |  Z80:11cyc R800:3cyc
      |000128|0228|  21 58 04
------+------+----+----------------------------------
   190|      |    |LD DE, FCB
      |      |    |  Z80:11cyc R800:3cyc
      |00012B|022B|  11 7D 04
------+------+----+----------------------------------
   191|      |    |CALL SUB_FCREATE
      |      |    |  Z80:18cyc R800:5cyc
      |00012E|022E|  CD 8B 05
------+------+----+----------------------------------
   192|      |    |OR A, A
      |      |    |  Z80:5cyc R800:1cyc
      |000131|0231|  B7
------+------+----+----------------------------------
   193|      |    |CALL NZ, PUT_ERROR
      |      |    |  Z80:18cyc/11cyc R800:5cyc/3cyc
      |000132|0232|  C4 65 03
------+------+----+----------------------------------
   195|      |    |LD HL, 0
      |      |    |  Z80:11cyc R800:3cyc
      |000135|0235|  21 00 00
------+------+----+----------------------------------
   196|      |    |LD B, 4
      |      |    |  Z80:8cyc R800:2cyc
      |000138|0238|  06 04
------+------+----+----------------------------------
   197|      |    |LOOP_FILE_WRITE_JIS1 :
      |      |    |  label [MAIN:LOOP_FILE_WRITE_JIS1] address: 0x00023a
------+------+----+----------------------------------
   198|      |    |LD DE, BUFFER
      |      |    |  Z80:11cyc R800:3cyc
      |00013A|023A|  11 C3 05
------+------+----+----------------------------------
   199|      |    |PUSH BC
      |      |    |  Z80:12cyc R800:6cyc
      |00013D|023D|  C5
------+------+----+----------------------------------
   200|      |    |LD BC, 1024
      |      |    |  Z80:11cyc R800:3cyc
      |00013E|023E|  01 00 04
------+------+----+----------------------------------
   201|      |    |LOOP_BLOCK_TRANSFER_JIS1 :
      |      |    |  label [MAIN:LOOP_BLOCK_TRANSFER_JIS1] address: 0x000241
------+------+----+----------------------------------
   202|      |    |PUSH BC
      |      |    |  Z80:12cyc R800:6cyc
      |000141|0241|  C5
------+------+----+----------------------------------
   203|      |    |PUSH HL
      |      |    |  Z80:12cyc R800:6cyc
      |000142|0242|  E5
------+------+----+----------------------------------
   204|      |    |LD A, L
      |      |    |  Z80:5cyc R800:2cyc
      |000143|0243|  7D
------+------+----+----------------------------------
   205|      |    |AND A, 0x3F
      |      |    |  Z80:8cyc R800:2cyc
      |000144|0244|  E6 3F
------+------+----+----------------------------------
   206|      |    |ADD HL, HL
      |      |    |  Z80:12cyc R800:1cyc
      |000146|0246|  29
------+------+----+----------------------------------
   207|      |    |ADD HL, HL
      |      |    |  Z80:12cyc R800:1cyc
      |000147|0247|  29
------+------+----+----------------------------------
   208|      |    |OUT [ 0xD8 ], A
      |      |    |  Z80:12cyc R800:10cyc/9cyc
      |000148|0248|  D3 D8
------+------+----+----------------------------------
   209|      |    |LD A, H
      |      |    |  Z80:5cyc R800:2cyc
      |00014A|024A|  7C
------+------+----+----------------------------------
   210|      |    |AND A, 0x3F
      |      |    |  Z80:8cyc R800:2cyc
      |00014B|024B|  E6 3F
------+------+----+----------------------------------
   211|      |    |OUT [ 0xD9 ], A
      |      |    |  Z80:12cyc R800:10cyc/9cyc
      |00014D|024D|  D3 D9
------+------+----+----------------------------------
   212|      |    |LD B, 32
      |      |    |  Z80:8cyc R800:2cyc
      |00014F|024F|  06 20
------+------+----+----------------------------------
   213|      |    |LOOP_FONT_JIS1 :
      |      |    |  label [MAIN:LOOP_FONT_JIS1] address: 0x000251
------+------+----+----------------------------------
   214|      |    |IN A, [ 0xD9 ]
      |      |    |  Z80:12cyc R800:10cyc/9cyc
      |000151|0251|  DB D9
------+------+----+----------------------------------
   215|      |    |LD [ DE ], A
      |      |    |  Z80:8cyc R800:4cyc
      |000153|0253|  12
------+------+----+----------------------------------
   216|      |    |INC DE
      |      |    |  Z80:7cyc R800:1cyc
      |000154|0254|  13
------+------+----+----------------------------------
   217|      |    |DJNZ LOOP_FONT_JIS1
      |      |    |  Z80:14cyc/9cyc R800:3cyc/2cyc
      |000155|0255|  10 FA
------+------+----+----------------------------------
   218|      |    |POP HL
      |      |    |  Z80:11cyc R800:5cyc
      |000157|0257|  E1
------+------+----+----------------------------------
   219|      |    |INC HL
      |      |    |  Z80:7cyc R800:1cyc
      |000158|0258|  23
------+------+----+----------------------------------
   220|      |    |POP BC
      |      |    |  Z80:11cyc R800:5cyc
      |000159|0259|  C1
------+------+----+----------------------------------
   221|      |    |DEC BC
      |      |    |  Z80:7cyc R800:1cyc
      |00015A|025A|  0B
------+------+----+----------------------------------
   222|      |    |LD A, C
      |      |    |  Z80:5cyc R800:2cyc
      |00015B|025B|  79
------+------+----+----------------------------------
   223|      |    |OR A, B
      |      |    |  Z80:5cyc R800:1cyc
      |00015C|025C|  B0
------+------+----+----------------------------------
   224|      |    |JR NZ, LOOP_BLOCK_TRANSFER_JIS1
      |      |    |  Z80:13cyc/8cyc R800:3cyc/2cyc
      |00015D|025D|  20 E2
------+------+----+----------------------------------
   226|      |    |PUSH HL
      |      |    |  Z80:12cyc R800:6cyc
      |00015F|025F|  E5
------+------+----+----------------------------------
   227|      |    |LD HL, FCB
      |      |    |  Z80:11cyc R800:3cyc
      |000160|0260|  21 7D 04
------+------+----+----------------------------------
   228|      |    |LD DE, BUFFER
      |      |    |  Z80:11cyc R800:3cyc
      |000163|0263|  11 C3 05
------+------+----+----------------------------------
   229|      |    |LD BC, 0x8000
      |      |    |  Z80:11cyc R800:3cyc
      |000166|0266|  01 00 80
------+------+----+----------------------------------
   230|      |    |CALL SUB_FWRITE
      |      |    |  Z80:18cyc R800:5cyc
      |000169|0269|  CD B5 05
------+------+----+----------------------------------
   232|      |    |LD C, _CONOUT
      |      |    |  Z80:8cyc R800:2cyc
      |00016C|026C|  0E 02
------+------+----+----------------------------------
   233|      |    |LD E, '*'
      |      |    |  Z80:8cyc R800:2cyc
      |00016E|026E|  1E 2A
------+------+----+----------------------------------
   234|      |    |CALL BDOS
      |      |    |  Z80:18cyc R800:5cyc
      |000170|0270|  CD 05 00
------+------+----+----------------------------------
   236|      |    |POP HL
      |      |    |  Z80:11cyc R800:5cyc
      |000173|0273|  E1
------+------+----+----------------------------------
   237|      |    |POP BC
      |      |    |  Z80:11cyc R800:5cyc
      |000174|0274|  C1
------+------+----+----------------------------------
   238|      |    |DJNZ LOOP_FILE_WRITE_JIS1
      |      |    |  Z80:14cyc/9cyc R800:3cyc/2cyc
      |000175|0275|  10 C3
------+------+----+----------------------------------
   240|      |    |LD HL, 0
      |      |    |  Z80:11cyc R800:3cyc
      |000177|0277|  21 00 00
------+------+----+----------------------------------
   241|      |    |LD B, 4
      |      |    |  Z80:8cyc R800:2cyc
      |00017A|027A|  06 04
------+------+----+----------------------------------
   242|      |    |LOOP_FILE_WRITE_JIS2 :
      |      |    |  label [MAIN:LOOP_FILE_WRITE_JIS2] address: 0x00027c
------+------+----+----------------------------------
   243|      |    |LD DE, BUFFER
      |      |    |  Z80:11cyc R800:3cyc
      |00017C|027C|  11 C3 05
------+------+----+----------------------------------
   244|      |    |PUSH BC
      |      |    |  Z80:12cyc R800:6cyc
      |00017F|027F|  C5
------+------+----+----------------------------------
   245|      |    |LD BC, 1024
      |      |    |  Z80:11cyc R800:3cyc
      |000180|0280|  01 00 04
------+------+----+----------------------------------
   246|      |    |LOOP_BLOCK_TRANSFER_JIS2 :
      |      |    |  label [MAIN:LOOP_BLOCK_TRANSFER_JIS2] address: 0x000283
------+------+----+----------------------------------
   247|      |    |PUSH BC
      |      |    |  Z80:12cyc R800:6cyc
      |000183|0283|  C5
------+------+----+----------------------------------
   248|      |    |PUSH HL
      |      |    |  Z80:12cyc R800:6cyc
      |000184|0284|  E5
------+------+----+----------------------------------
   249|      |    |LD A, L
      |      |    |  Z80:5cyc R800:2cyc
      |000185|0285|  7D
------+------+----+----------------------------------
   250|      |    |AND A, 0x3F
      |      |    |  Z80:8cyc R800:2cyc
      |000186|0286|  E6 3F
------+------+----+----------------------------------
   251|      |    |ADD HL, HL
      |      |    |  Z80:12cyc R800:1cyc
      |000188|0288|  29
------+------+----+----------------------------------
   252|      |    |ADD HL, HL
      |      |    |  Z80:12cyc R800:1cyc
      |000189|0289|  29
------+------+----+----------------------------------
   253|      |    |OUT [ 0xDA ], A
      |      |    |  Z80:12cyc R800:10cyc/9cyc
      |00018A|028A|  D3 DA
------+------+----+----------------------------------
   254|      |    |LD A, H
      |      |    |  Z80:5cyc R800:2cyc
      |00018C|028C|  7C
------+------+----+----------------------------------
   255|      |    |AND A, 0x3F
      |      |    |  Z80:8cyc R800:2cyc
      |00018D|028D|  E6 3F
------+------+----+----------------------------------
   256|      |    |OUT [ 0xDB ], A
      |      |    |  Z80:12cyc R800:10cyc/9cyc
      |00018F|028F|  D3 DB
------+------+----+----------------------------------
   257|      |    |LD B, 32
      |      |    |  Z80:8cyc R800:2cyc
      |000191|0291|  06 20
------+------+----+----------------------------------
   258|      |    |LOOP_FONT_JIS2 :
      |      |    |  label [MAIN:LOOP_FONT_JIS2] address: 0x000293
------+------+----+----------------------------------
   259|      |    |IN A, [ 0xDB ]
      |      |    |  Z80:12cyc R800:10cyc/9cyc
      |000193|0293|  DB DB
------+------+----+----------------------------------
   260|      |    |LD [ DE ], A
      |      |    |  Z80:8cyc R800:4cyc
      |000195|0295|  12
------+------+----+----------------------------------
   261|      |    |INC DE
      |      |    |  Z80:7cyc R800:1cyc
      |000196|0296|  13
------+------+----+----------------------------------
   262|      |    |DJNZ LOOP_FONT_JIS2
      |      |    |  Z80:14cyc/9cyc R800:3cyc/2cyc
      |000197|0297|  10 FA
------+------+----+----------------------------------
   263|      |    |POP HL
      |      |    |  Z80:11cyc R800:5cyc
      |000199|0299|  E1
------+------+----+----------------------------------
   264|      |    |INC HL
      |      |    |  Z80:7cyc R800:1cyc
      |00019A|029A|  23
------+------+----+----------------------------------
   265|      |    |POP BC
      |      |    |  Z80:11cyc R800:5cyc
      |00019B|029B|  C1
------+------+----+----------------------------------
   266|      |    |DEC BC
      |      |    |  Z80:7cyc R800:1cyc
      |00019C|029C|  0B
------+------+----+----------------------------------
   267|      |    |LD A, C
      |      |    |  Z80:5cyc R800:2cyc
      |00019D|029D|  79
------+------+----+----------------------------------
   268|      |    |OR A, B
      |      |    |  Z80:5cyc R800:1cyc
      |00019E|029E|  B0
------+------+----+----------------------------------
   269|      |    |JR NZ, LOOP_BLOCK_TRANSFER_JIS2
      |      |    |  Z80:13cyc/8cyc R800:3cyc/2cyc
      |00019F|029F|  20 E2
------+------+----+----------------------------------
   271|      |    |PUSH HL
      |      |    |  Z80:12cyc R800:6cyc
      |0001A1|02A1|  E5
------+------+----+----------------------------------
   272|      |    |LD HL, FCB
      |      |    |  Z80:11cyc R800:3cyc
      |0001A2|02A2|  21 7D 04
------+------+----+----------------------------------
   273|      |    |LD DE, BUFFER
      |      |    |  Z80:11cyc R800:3cyc
      |0001A5|02A5|  11 C3 05
------+------+----+----------------------------------
   274|      |    |LD BC, 0x8000
      |      |    |  Z80:11cyc R800:3cyc
      |0001A8|02A8|  01 00 80
------+------+----+----------------------------------
   275|      |    |CALL SUB_FWRITE
      |      |    |  Z80:18cyc R800:5cyc
      |0001AB|02AB|  CD B5 05
------+------+----+----------------------------------
   277|      |    |LD C, _CONOUT
      |      |    |  Z80:8cyc R800:2cyc
      |0001AE|02AE|  0E 02
------+------+----+----------------------------------
   278|      |    |LD E, '*'
      |      |    |  Z80:8cyc R800:2cyc
      |0001B0|02B0|  1E 2A
------+------+----+----------------------------------
   279|      |    |CALL BDOS
      |      |    |  Z80:18cyc R800:5cyc
      |0001B2|02B2|  CD 05 00
------+------+----+----------------------------------
   281|      |    |POP HL
      |      |    |  Z80:11cyc R800:5cyc
      |0001B5|02B5|  E1
------+------+----+----------------------------------
   282|      |    |POP BC
      |      |    |  Z80:11cyc R800:5cyc
      |0001B6|02B6|  C1
------+------+----+----------------------------------
   283|      |    |DJNZ LOOP_FILE_WRITE_JIS2
      |      |    |  Z80:14cyc/9cyc R800:3cyc/2cyc
      |0001B7|02B7|  10 C3
------+------+----+----------------------------------
   285|      |    |LD HL, FCB
      |      |    |  Z80:11cyc R800:3cyc
      |0001B9|02B9|  21 7D 04
------+------+----+----------------------------------
   286|      |    |CALL SUB_FCLOSE
      |      |    |  Z80:18cyc R800:5cyc
      |0001BC|02BC|  CD AF 05
------+------+----+----------------------------------
   287|      |    |CALL PUT_CRLF
      |      |    |  Z80:18cyc R800:5cyc
      |0001BF|02BF|  CD 6E 03
------+------+----+----------------------------------
   290|      |    |LD DE, S_DOS1
      |      |    |  Z80:11cyc R800:3cyc
      |0001C2|02C2|  11 EA 03
------+------+----+----------------------------------
   291|      |    |LD C, _STROUT
      |      |    |  Z80:8cyc R800:2cyc
      |0001C5|02C5|  0E 09
------+------+----+----------------------------------
   292|      |    |CALL BDOS
      |      |    |  Z80:18cyc R800:5cyc
      |0001C7|02C7|  CD 05 00
------+------+----+----------------------------------
   293|      |    |LD A, 0x8F
      |      |    |  Z80:8cyc R800:2cyc
      |0001CA|02CA|  3E 8F
------+------+----+----------------------------------
   294|      |    |LD HL, 0x4000
      |      |    |  Z80:11cyc R800:3cyc
      |0001CC|02CC|  21 00 40
------+------+----+----------------------------------
   295|      |    |LD DE, BUFFER
      |      |    |  Z80:11cyc R800:3cyc
      |0001CF|02CF|  11 C3 05
------+------+----+----------------------------------
   296|      |    |LD BC, 0x8000
      |      |    |  Z80:11cyc R800:3cyc
      |0001D2|02D2|  01 00 80
------+------+----+----------------------------------
   297|      |    |CALL ROM_DUMP
      |      |    |  Z80:18cyc R800:5cyc
      |0001D5|02D5|  CD A2 04
------+------+----+----------------------------------
   299|      |    |LD HL, S_DOS1_ROM_FILE_NAME
      |      |    |  Z80:11cyc R800:3cyc
      |0001D8|02D8|  21 64 04
------+------+----+----------------------------------
   300|      |    |LD DE, FCB
      |      |    |  Z80:11cyc R800:3cyc
      |0001DB|02DB|  11 7D 04
------+------+----+----------------------------------
   301|      |    |CALL SUB_FCREATE
      |      |    |  Z80:18cyc R800:5cyc
      |0001DE|02DE|  CD 8B 05
------+------+----+----------------------------------
   302|      |    |OR A, A
      |      |    |  Z80:5cyc R800:1cyc
      |0001E1|02E1|  B7
------+------+----+----------------------------------
   303|      |    |CALL NZ, PUT_ERROR
      |      |    |  Z80:18cyc/11cyc R800:5cyc/3cyc
      |0001E2|02E2|  C4 65 03
------+------+----+----------------------------------
   304|      |    |LD HL, FCB
      |      |    |  Z80:11cyc R800:3cyc
      |0001E5|02E5|  21 7D 04
------+------+----+----------------------------------
   305|      |    |LD DE, BUFFER
      |      |    |  Z80:11cyc R800:3cyc
      |0001E8|02E8|  11 C3 05
------+------+----+----------------------------------
   306|      |    |LD BC, 0x4000
      |      |    |  Z80:11cyc R800:3cyc
      |0001EB|02EB|  01 00 40
------+------+----+----------------------------------
   307|      |    |CALL SUB_FWRITE
      |      |    |  Z80:18cyc R800:5cyc
      |0001EE|02EE|  CD B5 05
------+------+----+----------------------------------
   308|      |    |LD HL, FCB
      |      |    |  Z80:11cyc R800:3cyc
      |0001F1|02F1|  21 7D 04
------+------+----+----------------------------------
   309|      |    |CALL SUB_FCLOSE
      |      |    |  Z80:18cyc R800:5cyc
      |0001F4|02F4|  CD AF 05
------+------+----+----------------------------------
   310|      |    |CALL PUT_CRLF
      |      |    |  Z80:18cyc R800:5cyc
      |0001F7|02F7|  CD 6E 03
------+------+----+----------------------------------
   313|      |    |LD DE, S_DOS2
      |      |    |  Z80:11cyc R800:3cyc
      |0001FA|02FA|  11 F6 03
------+------+----+----------------------------------
   314|      |    |LD C, _STROUT
      |      |    |  Z80:8cyc R800:2cyc
      |0001FD|02FD|  0E 09
------+------+----+----------------------------------
   315|      |    |CALL BDOS
      |      |    |  Z80:18cyc R800:5cyc
      |0001FF|02FF|  CD 05 00
------+------+----+----------------------------------
   317|      |    |LD HL, S_DOS2_ROM_FILE_NAME
      |      |    |  Z80:11cyc R800:3cyc
      |000202|0302|  21 70 04
------+------+----+----------------------------------
   318|      |    |LD DE, FCB
      |      |    |  Z80:11cyc R800:3cyc
      |000205|0305|  11 7D 04
------+------+----+----------------------------------
   319|      |    |CALL SUB_FCREATE
      |      |    |  Z80:18cyc R800:5cyc
      |000208|0308|  CD 8B 05
------+------+----+----------------------------------
   320|      |    |OR A, A
      |      |    |  Z80:5cyc R800:1cyc
      |00020B|030B|  B7
------+------+----+----------------------------------
   321|      |    |CALL NZ, PUT_ERROR
      |      |    |  Z80:18cyc/11cyc R800:5cyc/3cyc
      |00020C|030C|  C4 65 03
------+------+----+----------------------------------
   323|      |    |LD A, 0
      |      |    |  Z80:8cyc R800:2cyc
      |00020F|030F|  3E 00
------+------+----+----------------------------------
   324|      |    |CALL DOS2_DUMP
      |      |    |  Z80:18cyc R800:5cyc
      |000211|0311|  CD 35 03
------+------+----+----------------------------------
   325|      |    |LD A, 1
      |      |    |  Z80:8cyc R800:2cyc
      |000214|0314|  3E 01
------+------+----+----------------------------------
   326|      |    |CALL DOS2_DUMP
      |      |    |  Z80:18cyc R800:5cyc
      |000216|0316|  CD 35 03
------+------+----+----------------------------------
   327|      |    |LD A, 2
      |      |    |  Z80:8cyc R800:2cyc
      |000219|0319|  3E 02
------+------+----+----------------------------------
   328|      |    |CALL DOS2_DUMP
      |      |    |  Z80:18cyc R800:5cyc
      |00021B|031B|  CD 35 03
------+------+----+----------------------------------
   329|      |    |LD A, 3
      |      |    |  Z80:8cyc R800:2cyc
      |00021E|031E|  3E 03
------+------+----+----------------------------------
   330|      |    |CALL DOS2_DUMP
      |      |    |  Z80:18cyc R800:5cyc
      |000220|0320|  CD 35 03
------+------+----+----------------------------------
   332|      |    |LD HL, FCB
      |      |    |  Z80:11cyc R800:3cyc
      |000223|0323|  21 7D 04
------+------+----+----------------------------------
   333|      |    |CALL SUB_FCLOSE
      |      |    |  Z80:18cyc R800:5cyc
      |000226|0326|  CD AF 05
------+------+----+----------------------------------
   334|      |    |CALL PUT_CRLF
      |      |    |  Z80:18cyc R800:5cyc
      |000229|0329|  CD 6E 03
------+------+----+----------------------------------
   336|      |    |LD DE, S_COMPLETED
      |      |    |  Z80:11cyc R800:3cyc
      |00022C|032C|  11 0F 04
------+------+----+----------------------------------
   337|      |    |LD C, _STROUT
      |      |    |  Z80:8cyc R800:2cyc
      |00022F|032F|  0E 09
------+------+----+----------------------------------
   338|      |    |CALL BDOS
      |      |    |  Z80:18cyc R800:5cyc
      |000231|0331|  CD 05 00
------+------+----+----------------------------------
   339|      |    |RET
      |      |    |  Z80:11cyc R800:5cyc
      |000234|0334|  C9
------+------+----+----------------------------------
   341|      |    |DOS2_DUMP :
      |      |    |  label [MAIN:DOS2_DUMP] address: 0x000335
------+------+----+----------------------------------
   342|      |    |PUSH AF
      |      |    |  Z80:12cyc R800:6cyc
      |000235|0335|  F5
------+------+----+----------------------------------
   343|      |    |LD A, 0x87
      |      |    |  Z80:8cyc R800:2cyc
      |000236|0336|  3E 87
------+------+----+----------------------------------
   344|      |    |LD H, 0x40
      |      |    |  Z80:8cyc R800:2cyc
      |000238|0338|  26 40
------+------+----+----------------------------------
   345|      |    |CALL ENASLT
      |      |    |  Z80:18cyc R800:5cyc
      |00023A|033A|  CD 24 00
------+------+----+----------------------------------
   346|      |    |POP AF
      |      |    |  Z80:11cyc R800:5cyc
      |00023D|033D|  F1
------+------+----+----------------------------------
   348|      |    |LD [ 0x6000 ], A
      |      |    |  Z80:14cyc R800:6cyc
      |00023E|033E|  32 00 60
------+------+----+----------------------------------
   349|      |    |LD DE, 0x8000
      |      |    |  Z80:11cyc R800:3cyc
      |000241|0341|  11 00 80
------+------+----+----------------------------------
   350|      |    |LD HL, 0x4000
      |      |    |  Z80:11cyc R800:3cyc
      |000244|0344|  21 00 40
------+------+----+----------------------------------
   351|      |    |LD BC, 0x4000
      |      |    |  Z80:11cyc R800:3cyc
      |000247|0347|  01 00 40
------+------+----+----------------------------------
   352|      |    |LDIR
      |      |    |  Z80:23cyc/18cyc R800:7cyc
      |00024A|034A|  ED B0
------+------+----+----------------------------------
   354|      |    |XOR A, A
      |      |    |  Z80:5cyc R800:1cyc
      |00024C|034C|  AF
------+------+----+----------------------------------
   355|      |    |LD [ 0x6000 ], A
      |      |    |  Z80:14cyc R800:6cyc
      |00024D|034D|  32 00 60
------+------+----+----------------------------------
   357|      |    |LD A, [ 0xFCC1 ]
      |      |    |  Z80:14cyc R800:6cyc
      |000250|0350|  3A C1 FC
------+------+----+----------------------------------
   358|      |    |LD H, 0x40
      |      |    |  Z80:8cyc R800:2cyc
      |000253|0353|  26 40
------+------+----+----------------------------------
   359|      |    |CALL ENASLT
      |      |    |  Z80:18cyc R800:5cyc
      |000255|0355|  CD 24 00
------+------+----+----------------------------------
   361|      |    |LD HL, FCB
      |      |    |  Z80:11cyc R800:3cyc
      |000258|0358|  21 7D 04
------+------+----+----------------------------------
   362|      |    |LD DE, 0x8000
      |      |    |  Z80:11cyc R800:3cyc
      |00025B|035B|  11 00 80
------+------+----+----------------------------------
   363|      |    |LD BC, 0x4000
      |      |    |  Z80:11cyc R800:3cyc
      |00025E|035E|  01 00 40
------+------+----+----------------------------------
   364|      |    |CALL SUB_FWRITE
      |      |    |  Z80:18cyc R800:5cyc
      |000261|0361|  CD B5 05
------+------+----+----------------------------------
   365|      |    |RET
      |      |    |  Z80:11cyc R800:5cyc
      |000264|0364|  C9
------+------+----+----------------------------------
   367|      |    |ERR_BAD_FILE_NAME ::
      |      |    |  global label [ERR_BAD_FILE_NAME] address: 0x000365
------+------+----+----------------------------------
   368|      |    |PUT_ERROR :
      |      |    |  label [MAIN:PUT_ERROR] address: 0x000365
------+------+----+----------------------------------
   369|      |    |LD DE, S_FOPEN_ERROR
      |      |    |  Z80:11cyc R800:3cyc
      |000265|0365|  11 02 04
------+------+----+----------------------------------
   370|      |    |LD C, _STROUT
      |      |    |  Z80:8cyc R800:2cyc
      |000268|0368|  0E 09
------+------+----+----------------------------------
   371|      |    |CALL BDOS
      |      |    |  Z80:18cyc R800:5cyc
      |00026A|036A|  CD 05 00
------+------+----+----------------------------------
   372|      |    |RET
      |      |    |  Z80:11cyc R800:5cyc
      |00026D|036D|  C9
------+------+----+----------------------------------
   373|      |    |PUT_CRLF :
      |      |    |  label [MAIN:PUT_CRLF] address: 0x00036e
------+------+----+----------------------------------
   374|      |    |LD DE, S_CRLF
      |      |    |  Z80:11cyc R800:3cyc
      |00026E|036E|  11 9F 03
------+------+----+----------------------------------
   375|      |    |LD C, _STROUT
      |      |    |  Z80:8cyc R800:2cyc
      |000271|0371|  0E 09
------+------+----+----------------------------------
   376|      |    |CALL BDOS
      |      |    |  Z80:18cyc R800:5cyc
      |000273|0373|  CD 05 00
------+------+----+----------------------------------
   377|      |    |RET
      |      |    |  Z80:11cyc R800:5cyc
      |000276|0376|  C9
------+------+----+----------------------------------
   379|      |    |S_TITLE :
      |      |    |  label [MAIN:S_TITLE] address: 0x000377
------+------+----+----------------------------------
   380|      |    |DB "MSX0 BIOS Dumper", 13, 10
      |000277|0377|  4D 53 58 30 20 42 49 4F
      |00027F|037F|  53 20 44 75 6D 70 65 72
      |000287|0387|  0D 0A
------+------+----+----------------------------------
   381|      |    |DB "Programmed by t.hara", 13, 10
      |000289|0389|  50 72 6F 67 72 61 6D 6D
      |000291|0391|  65 64 20 62 79 20 74 2E
      |000299|0399|  68 61 72 61 0D 0A
------+------+----+----------------------------------
   382|      |    |S_CRLF :
      |      |    |  label [MAIN:S_CRLF] address: 0x00039f
------+------+----+----------------------------------
   383|      |    |DB 13, 10, '$'
      |00029F|039F|  0D 0A 24
------+------+----+----------------------------------
   384|      |    |S_MAIN_ROM :
      |      |    |  label [MAIN:S_MAIN_ROM] address: 0x0003a2
------+------+----+----------------------------------
   385|      |    |DB "Main ROM  :$"
      |0002A2|03A2|  4D 61 69 6E 20 52 4F 4D
      |0002AA|03AA|  20 20 3A 24
------+------+----+----------------------------------
   386|      |    |S_SUB_ROM :
      |      |    |  label [MAIN:S_SUB_ROM] address: 0x0003ae
------+------+----+----------------------------------
   387|      |    |DB "Sub ROM   :$"
      |0002AE|03AE|  53 75 62 20 52 4F 4D 20
      |0002B6|03B6|  20 20 3A 24
------+------+----+----------------------------------
   388|      |    |S_XBASIC :
      |      |    |  label [MAIN:S_XBASIC] address: 0x0003ba
------+------+----+----------------------------------
   389|      |    |DB "X-BASIC   :$"
      |0002BA|03BA|  58 2D 42 41 53 49 43 20
      |0002C2|03C2|  20 20 3A 24
------+------+----+----------------------------------
   390|      |    |S_IOTBASIC :
      |      |    |  label [MAIN:S_IOTBASIC] address: 0x0003c6
------+------+----+----------------------------------
   391|      |    |DB "IoTBASIC  :$"
      |0002C6|03C6|  49 6F 54 42 41 53 49 43
      |0002CE|03CE|  20 20 3A 24
------+------+----+----------------------------------
   392|      |    |S_KANJIBASIC :
      |      |    |  label [MAIN:S_KANJIBASIC] address: 0x0003d2
------+------+----+----------------------------------
   393|      |    |DB "KanjiBASIC:$"
      |0002D2|03D2|  4B 61 6E 6A 69 42 41 53
      |0002DA|03DA|  49 43 3A 24
------+------+----+----------------------------------
   394|      |    |S_KANJIFOONT :
      |      |    |  label [MAIN:S_KANJIFOONT] address: 0x0003de
------+------+----+----------------------------------
   395|      |    |DB "KanjiROM  :$"
      |0002DE|03DE|  4B 61 6E 6A 69 52 4F 4D
      |0002E6|03E6|  20 20 3A 24
------+------+----+----------------------------------
   396|      |    |S_DOS1 :
      |      |    |  label [MAIN:S_DOS1] address: 0x0003ea
------+------+----+----------------------------------
   397|      |    |DB "MSXDOS1   :$"
      |0002EA|03EA|  4D 53 58 44 4F 53 31 20
      |0002F2|03F2|  20 20 3A 24
------+------+----+----------------------------------
   398|      |    |S_DOS2 :
      |      |    |  label [MAIN:S_DOS2] address: 0x0003f6
------+------+----+----------------------------------
   399|      |    |DB "MSXDOS2   :$"
      |0002F6|03F6|  4D 53 58 44 4F 53 32 20
      |0002FE|03FE|  20 20 3A 24
------+------+----+----------------------------------
   400|      |    |S_FOPEN_ERROR :
      |      |    |  label [MAIN:S_FOPEN_ERROR] address: 0x000402
------+------+----+----------------------------------
   401|      |    |DB "fopen error.$"
      |000302|0402|  66 6F 70 65 6E 20 65 72
      |00030A|040A|  72 6F 72 2E 24
------+------+----+----------------------------------
   402|      |    |S_COMPLETED :
      |      |    |  label [MAIN:S_COMPLETED] address: 0x00040f
------+------+----+----------------------------------
   403|      |    |DB "Completed.$"
      |00030F|040F|  43 6F 6D 70 6C 65 74 65
      |000317|0417|  64 2E 24
------+------+----+----------------------------------
   404|      |    |S_MAIN_ROM_FILE_NAME :
      |      |    |  label [MAIN:S_MAIN_ROM_FILE_NAME] address: 0x00041a
------+------+----+----------------------------------
   405|      |    |DB 12, "MSX0BIOS.ROM"
      |00031A|041A|  0C 4D 53 58 30 42 49 4F
      |000322|0422|  53 2E 52 4F 4D
------+------+----+----------------------------------
   406|      |    |S_SUB_ROM_FILE_NAME :
      |      |    |  label [MAIN:S_SUB_ROM_FILE_NAME] address: 0x000427
------+------+----+----------------------------------
   407|      |    |DB 11, "MSX0EXT.ROM"
      |000327|0427|  0B 4D 53 58 30 45 58 54
      |00032F|042F|  2E 52 4F 4D
------+------+----+----------------------------------
   408|      |    |S_XBASIC_ROM_FILE_NAME :
      |      |    |  label [MAIN:S_XBASIC_ROM_FILE_NAME] address: 0x000433
------+------+----+----------------------------------
   409|      |    |DB 12, "MSX0XBAS.ROM"
      |000333|0433|  0C 4D 53 58 30 58 42 41
      |00033B|043B|  53 2E 52 4F 4D
------+------+----+----------------------------------
   410|      |    |S_IOTBASIC_ROM_FILE_NAME :
      |      |    |  label [MAIN:S_IOTBASIC_ROM_FILE_NAME] address: 0x000440
------+------+----+----------------------------------
   411|      |    |DB 11, "MSX0IOT.ROM"
      |000340|0440|  0B 4D 53 58 30 49 4F 54
      |000348|0448|  2E 52 4F 4D
------+------+----+----------------------------------
   412|      |    |S_KANJIDRIVER_ROM_FILE_NAME :
      |      |    |  label [MAIN:S_KANJIDRIVER_ROM_FILE_NAME] address: 0x00044c
------+------+----+----------------------------------
   413|      |    |DB 11, "MSX0KDR.ROM"
      |00034C|044C|  0B 4D 53 58 30 4B 44 52
      |000354|0454|  2E 52 4F 4D
------+------+----+----------------------------------
   414|      |    |S_KANJIFONT_ROM_FILE_NAME :
      |      |    |  label [MAIN:S_KANJIFONT_ROM_FILE_NAME] address: 0x000458
------+------+----+----------------------------------
   415|      |    |DB 11, "MSX0KFN.ROM"
      |000358|0458|  0B 4D 53 58 30 4B 46 4E
      |000360|0460|  2E 52 4F 4D
------+------+----+----------------------------------
   416|      |    |S_DOS1_ROM_FILE_NAME :
      |      |    |  label [MAIN:S_DOS1_ROM_FILE_NAME] address: 0x000464
------+------+----+----------------------------------
   417|      |    |DB 11, "MSX0DOS.ROM"
      |000364|0464|  0B 4D 53 58 30 44 4F 53
      |00036C|046C|  2E 52 4F 4D
------+------+----+----------------------------------
   418|      |    |S_DOS2_ROM_FILE_NAME :
      |      |    |  label [MAIN:S_DOS2_ROM_FILE_NAME] address: 0x000470
------+------+----+----------------------------------
   419|      |    |DB 11, "MSX0DOS2.ROM"
      |000370|0470|  0B 4D 53 58 30 44 4F 53
      |000378|0478|  32 2E 52 4F 4D
------+------+----+----------------------------------
   420|      |    |FCB :
      |      |    |  label [MAIN:FCB] address: 0x00047d
------+------+----+----------------------------------
   421|      |    |SPACE 37
      |      |    |  Allocate space: 37byte(s)
      |      |    |  Fill value    : 0(0x00)
      |00037D|047D|  00 00 00 00 00 00 00 00
      |000385|0485|  00 00 00 00 00 00 00 00
      |00038D|048D|  00 00 00 00 00 00 00 00
      |000395|0495|  00 00 00 00 00 00 00 00
      |00039D|049D|  00 00 00 00 00
------+------+----+----------------------------------
   422|      |    |ENDSCOPE
      |      |    |  Exit scope: MAIN:
------+------+----+----------------------------------
   429|      |    |SCOPE ROM_DUMP
      |      |    |  Enter scope: ROM_DUMP:
------+------+----+----------------------------------
   430|      |    |ROM_DUMP ::
      |      |    |  global label [ROM_DUMP] address: 0x0004a2
------+------+----+----------------------------------
   431|      |    |PUSH AF
      |      |    |  Z80:12cyc R800:6cyc
      |0003A2|04A2|  F5
------+------+----+----------------------------------
   432|      |    |LOOP :
      |      |    |  label [ROM_DUMP:LOOP] address: 0x0004a3
------+------+----+----------------------------------
   433|      |    |POP AF
      |      |    |  Z80:11cyc R800:5cyc
      |0003A3|04A3|  F1
------+------+----+----------------------------------
   434|      |    |PUSH AF
      |      |    |  Z80:12cyc R800:6cyc
      |0003A4|04A4|  F5
------+------+----+----------------------------------
   435|      |    |PUSH HL
      |      |    |  Z80:12cyc R800:6cyc
      |0003A5|04A5|  E5
------+------+----+----------------------------------
   436|      |    |PUSH DE
      |      |    |  Z80:12cyc R800:6cyc
      |0003A6|04A6|  D5
------+------+----+----------------------------------
   437|      |    |PUSH BC
      |      |    |  Z80:12cyc R800:6cyc
      |0003A7|04A7|  C5
------+------+----+----------------------------------
   438|      |    |CALL RDSLT
      |      |    |  Z80:18cyc R800:5cyc
      |0003A8|04A8|  CD 0C 00
------+------+----+----------------------------------
   439|      |    |POP BC
      |      |    |  Z80:11cyc R800:5cyc
      |0003AB|04AB|  C1
------+------+----+----------------------------------
   440|      |    |POP DE
      |      |    |  Z80:11cyc R800:5cyc
      |0003AC|04AC|  D1
------+------+----+----------------------------------
   441|      |    |POP HL
      |      |    |  Z80:11cyc R800:5cyc
      |0003AD|04AD|  E1
------+------+----+----------------------------------
   442|      |    |LD [ DE ], A
      |      |    |  Z80:8cyc R800:4cyc
      |0003AE|04AE|  12
------+------+----+----------------------------------
   443|      |    |INC DE
      |      |    |  Z80:7cyc R800:1cyc
      |0003AF|04AF|  13
------+------+----+----------------------------------
   444|      |    |INC HL
      |      |    |  Z80:7cyc R800:1cyc
      |0003B0|04B0|  23
------+------+----+----------------------------------
   445|      |    |DEC BC
      |      |    |  Z80:7cyc R800:1cyc
      |0003B1|04B1|  0B
------+------+----+----------------------------------
   446|      |    |LD A, B
      |      |    |  Z80:5cyc R800:2cyc
      |0003B2|04B2|  78
------+------+----+----------------------------------
   447|      |    |AND A, 0x1F
      |      |    |  Z80:8cyc R800:2cyc
      |0003B3|04B3|  E6 1F
------+------+----+----------------------------------
   448|      |    |OR A, C
      |      |    |  Z80:5cyc R800:1cyc
      |0003B5|04B5|  B1
------+------+----+----------------------------------
   449|      |    |JR NZ, SKIP1
      |      |    |  Z80:13cyc/8cyc R800:3cyc/2cyc
      |0003B6|04B6|  20 0D
------+------+----+----------------------------------
   451|      |    |PUSH HL
      |      |    |  Z80:12cyc R800:6cyc
      |0003B8|04B8|  E5
------+------+----+----------------------------------
   452|      |    |PUSH DE
      |      |    |  Z80:12cyc R800:6cyc
      |0003B9|04B9|  D5
------+------+----+----------------------------------
   453|      |    |PUSH BC
      |      |    |  Z80:12cyc R800:6cyc
      |0003BA|04BA|  C5
------+------+----+----------------------------------
   454|      |    |LD C, _CONOUT
      |      |    |  Z80:8cyc R800:2cyc
      |0003BB|04BB|  0E 02
------+------+----+----------------------------------
   455|      |    |LD E, '*'
      |      |    |  Z80:8cyc R800:2cyc
      |0003BD|04BD|  1E 2A
------+------+----+----------------------------------
   456|      |    |CALL BDOS
      |      |    |  Z80:18cyc R800:5cyc
      |0003BF|04BF|  CD 05 00
------+------+----+----------------------------------
   457|      |    |POP BC
      |      |    |  Z80:11cyc R800:5cyc
      |0003C2|04C2|  C1
------+------+----+----------------------------------
   458|      |    |POP DE
      |      |    |  Z80:11cyc R800:5cyc
      |0003C3|04C3|  D1
------+------+----+----------------------------------
   459|      |    |POP HL
      |      |    |  Z80:11cyc R800:5cyc
      |0003C4|04C4|  E1
------+------+----+----------------------------------
   460|      |    |SKIP1 :
      |      |    |  label [ROM_DUMP:SKIP1] address: 0x0004c5
------+------+----+----------------------------------
   461|      |    |LD A, C
      |      |    |  Z80:5cyc R800:2cyc
      |0003C5|04C5|  79
------+------+----+----------------------------------
   462|      |    |OR A, B
      |      |    |  Z80:5cyc R800:1cyc
      |0003C6|04C6|  B0
------+------+----+----------------------------------
   463|      |    |JR NZ, LOOP
      |      |    |  Z80:13cyc/8cyc R800:3cyc/2cyc
      |0003C7|04C7|  20 DA
------+------+----+----------------------------------
   464|      |    |POP AF
      |      |    |  Z80:11cyc R800:5cyc
      |0003C9|04C9|  F1
------+------+----+----------------------------------
   465|      |    |RET
      |      |    |  Z80:11cyc R800:5cyc
      |0003CA|04CA|  C9
------+------+----+----------------------------------
   466|      |    |ENDSCOPE
      |      |    |  Exit scope: ROM_DUMP:
------+------+----+----------------------------------
   480|      |    |SCOPE SUB_SETUP_FCB
      |      |    |  Enter scope: SUB_SETUP_FCB:
------+------+----+----------------------------------
   481|      |    |SUB_SETUP_FCB ::
      |      |    |  global label [SUB_SETUP_FCB] address: 0x0004cb
------+------+----+----------------------------------
   483|      |    |PUSH HL
      |      |    |  Z80:12cyc R800:6cyc
      |0003CB|04CB|  E5
------+------+----+----------------------------------
   484|      |    |PUSH DE
      |      |    |  Z80:12cyc R800:6cyc
      |0003CC|04CC|  D5
------+------+----+----------------------------------
   485|      |    |LD L, E
      |      |    |  Z80:5cyc R800:2cyc
      |0003CD|04CD|  6B
------+------+----+----------------------------------
   486|      |    |LD H, D
      |      |    |  Z80:5cyc R800:2cyc
      |0003CE|04CE|  62
------+------+----+----------------------------------
   487|      |    |INC DE
      |      |    |  Z80:7cyc R800:1cyc
      |0003CF|04CF|  13
------+------+----+----------------------------------
   488|      |    |LD BC, 36
      |      |    |  Z80:11cyc R800:3cyc
      |0003D0|04D0|  01 24 00
------+------+----+----------------------------------
   489|      |    |LD [ HL ], 0
      |      |    |  Z80:11cyc R800:5cyc
      |0003D3|04D3|  36 00
------+------+----+----------------------------------
   490|      |    |LDIR
      |      |    |  Z80:23cyc/18cyc R800:7cyc
      |0003D5|04D5|  ED B0
------+------+----+----------------------------------
   492|      |    |LD C, _CURDRV
      |      |    |  Z80:8cyc R800:2cyc
      |0003D7|04D7|  0E 19
------+------+----+----------------------------------
   493|      |    |CALL BDOS
      |      |    |  Z80:18cyc R800:5cyc
      |0003D9|04D9|  CD 05 00
------+------+----+----------------------------------
   494|      |    |INC A
      |      |    |  Z80:5cyc R800:1cyc
      |0003DC|04DC|  3C
------+------+----+----------------------------------
   495|      |    |POP DE
      |      |    |  Z80:11cyc R800:5cyc
      |0003DD|04DD|  D1
------+------+----+----------------------------------
   496|      |    |POP HL
      |      |    |  Z80:11cyc R800:5cyc
      |0003DE|04DE|  E1
------+------+----+----------------------------------
   497|      |    |LD [ DE ], A
      |      |    |  Z80:8cyc R800:4cyc
      |0003DF|04DF|  12
------+------+----+----------------------------------
   499|      |    |LD A, [ HL ]
      |      |    |  Z80:8cyc R800:4cyc
      |0003E0|04E0|  7E
------+------+----+----------------------------------
   500|      |    |INC HL
      |      |    |  Z80:7cyc R800:1cyc
      |0003E1|04E1|  23
------+------+----+----------------------------------
   501|      |    |LD C, A
      |      |    |  Z80:5cyc R800:2cyc
      |0003E2|04E2|  4F
------+------+----+----------------------------------
   502|      |    |CP A, 3
      |      |    |  Z80:8cyc R800:2cyc
      |0003E3|04E3|  FE 03
------+------+----+----------------------------------
   503|      |    |JR C, COPY_FILE_NAME
      |      |    |  Z80:13cyc/8cyc R800:3cyc/2cyc
      |0003E5|04E5|  38 1C
------+------+----+----------------------------------
   504|      |    |INC HL
      |      |    |  Z80:7cyc R800:1cyc
      |0003E7|04E7|  23
------+------+----+----------------------------------
   505|      |    |LD A, [ HL ]
      |      |    |  Z80:8cyc R800:4cyc
      |0003E8|04E8|  7E
------+------+----+----------------------------------
   506|      |    |DEC HL
      |      |    |  Z80:7cyc R800:1cyc
      |0003E9|04E9|  2B
------+------+----+----------------------------------
   507|      |    |CP A, ':'
      |      |    |  Z80:8cyc R800:2cyc
      |0003EA|04EA|  FE 3A
------+------+----+----------------------------------
   508|      |    |JR NZ, COPY_FILE_NAME
      |      |    |  Z80:13cyc/8cyc R800:3cyc/2cyc
      |0003EC|04EC|  20 15
------+------+----+----------------------------------
   509|      |    |LD A, [ HL ]
      |      |    |  Z80:8cyc R800:4cyc
      |0003EE|04EE|  7E
------+------+----+----------------------------------
   510|      |    |OR A, A
      |      |    |  Z80:5cyc R800:1cyc
      |0003EF|04EF|  B7
------+------+----+----------------------------------
   511|      |    |JP M, COPY_FILE_NAME
      |      |    |  Z80:11cyc R800:5cyc/3cyc
      |0003F0|04F0|  FA 03 05
------+------+----+----------------------------------
   512|      |    |AND A, 0b1101_1111
      |      |    |  Z80:8cyc R800:2cyc
      |0003F3|04F3|  E6 DF
------+------+----+----------------------------------
   513|      |    |CP A, 'H' + 1
      |      |    |  Z80:8cyc R800:2cyc
      |0003F5|04F5|  FE 49
------+------+----+----------------------------------
   514|      |    |JR NC, COPY_FILE_NAME
      |      |    |  Z80:13cyc/8cyc R800:3cyc/2cyc
      |0003F7|04F7|  30 0A
------+------+----+----------------------------------
   515|      |    |SUB A, 'A'
      |      |    |  Z80:8cyc R800:2cyc
      |0003F9|04F9|  D6 41
------+------+----+----------------------------------
   516|      |    |JR C, COPY_FILE_NAME
      |      |    |  Z80:13cyc/8cyc R800:3cyc/2cyc
      |0003FB|04FB|  38 06
------+------+----+----------------------------------
   517|      |    |INC A
      |      |    |  Z80:5cyc R800:1cyc
      |0003FD|04FD|  3C
------+------+----+----------------------------------
   518|      |    |LD [ DE ], A
      |      |    |  Z80:8cyc R800:4cyc
      |0003FE|04FE|  12
------+------+----+----------------------------------
   519|      |    |INC HL
      |      |    |  Z80:7cyc R800:1cyc
      |0003FF|04FF|  23
------+------+----+----------------------------------
   520|      |    |INC HL
      |      |    |  Z80:7cyc R800:1cyc
      |000400|0500|  23
------+------+----+----------------------------------
   521|      |    |DEC C
      |      |    |  Z80:5cyc R800:1cyc
      |000401|0501|  0D
------+------+----+----------------------------------
   522|      |    |DEC C
      |      |    |  Z80:5cyc R800:1cyc
      |000402|0502|  0D
------+------+----+----------------------------------
   524|      |    |COPY_FILE_NAME :
      |      |    |  label [SUB_SETUP_FCB:COPY_FILE_NAME] address: 0x000503
------+------+----+----------------------------------
   525|      |    |INC DE
      |      |    |  Z80:7cyc R800:1cyc
      |000403|0503|  13
------+------+----+----------------------------------
   526|      |    |LD B, 8
      |      |    |  Z80:8cyc R800:2cyc
      |000404|0504|  06 08
------+------+----+----------------------------------
   527|      |    |INC C
      |      |    |  Z80:5cyc R800:1cyc
      |000406|0506|  0C
------+------+----+----------------------------------
   528|      |    |COPY_FILE_NAME_LOOP :
      |      |    |  label [SUB_SETUP_FCB:COPY_FILE_NAME_LOOP] address: 0x000507
------+------+----+----------------------------------
   529|      |    |DEC C
      |      |    |  Z80:5cyc R800:1cyc
      |000407|0507|  0D
------+------+----+----------------------------------
   530|      |    |JR Z, FILL_NAME_PADDING
      |      |    |  Z80:13cyc/8cyc R800:3cyc/2cyc
      |000408|0508|  28 21
------+------+----+----------------------------------
   531|      |    |LD A, [ HL ]
      |      |    |  Z80:8cyc R800:4cyc
      |00040A|050A|  7E
------+------+----+----------------------------------
   532|      |    |CP A, '.'
      |      |    |  Z80:8cyc R800:2cyc
      |00040B|050B|  FE 2E
------+------+----+----------------------------------
   533|      |    |JR Z, COPY_EXT_NAME_SKIP_DOT
      |      |    |  Z80:13cyc/8cyc R800:3cyc/2cyc
      |00040D|050D|  28 1E
------+------+----+----------------------------------
   534|      |    |CP A, '*'
      |      |    |  Z80:8cyc R800:2cyc
      |00040F|050F|  FE 2A
------+------+----+----------------------------------
   535|      |    |JR Z, COPY_EXT_NAME_SKIP_WILDCARD
      |      |    |  Z80:13cyc/8cyc R800:3cyc/2cyc
      |000411|0511|  28 13
------+------+----+----------------------------------
   536|      |    |CALL CHECK_ERROR_CHAR
      |      |    |  Z80:18cyc R800:5cyc
      |000413|0513|  CD 5E 05
------+------+----+----------------------------------
   537|      |    |JP C, ERR_BAD_FILE_NAME
      |      |    |  Z80:11cyc R800:5cyc/3cyc
      |000416|0516|  DA 65 03
------+------+----+----------------------------------
   538|      |    |LD [ DE ], A
      |      |    |  Z80:8cyc R800:4cyc
      |000419|0519|  12
------+------+----+----------------------------------
   539|      |    |INC HL
      |      |    |  Z80:7cyc R800:1cyc
      |00041A|051A|  23
------+------+----+----------------------------------
   540|      |    |INC DE
      |      |    |  Z80:7cyc R800:1cyc
      |00041B|051B|  13
------+------+----+----------------------------------
   541|      |    |DJNZ COPY_FILE_NAME_LOOP
      |      |    |  Z80:14cyc/9cyc R800:3cyc/2cyc
      |00041C|051C|  10 E9
------+------+----+----------------------------------
   543|      |    |LD A, [ HL ]
      |      |    |  Z80:8cyc R800:4cyc
      |00041E|051E|  7E
------+------+----+----------------------------------
   544|      |    |CP A, '.'
      |      |    |  Z80:8cyc R800:2cyc
      |00041F|051F|  FE 2E
------+------+----+----------------------------------
   545|      |    |JR NZ, COPY_EXT_NAME
      |      |    |  Z80:13cyc/8cyc R800:3cyc/2cyc
      |000421|0521|  20 12
------+------+----+----------------------------------
   546|      |    |INC HL
      |      |    |  Z80:7cyc R800:1cyc
      |000423|0523|  23
------+------+----+----------------------------------
   547|      |    |JR COPY_EXT_NAME
      |      |    |  Z80:13cyc R800:3cyc
      |000424|0524|  18 0F
------+------+----+----------------------------------
   549|      |    |COPY_EXT_NAME_SKIP_WILDCARD :
      |      |    |  label [SUB_SETUP_FCB:COPY_EXT_NAME_SKIP_WILDCARD] address: 0x000526
------+------+----+----------------------------------
   550|      |    |LD A, '?'
      |      |    |  Z80:8cyc R800:2cyc
      |000426|0526|  3E 3F
------+------+----+----------------------------------
   551|      |    |INC HL
      |      |    |  Z80:7cyc R800:1cyc
      |000428|0528|  23
------+------+----+----------------------------------
   552|      |    |JR COPY_EXT_NAME_SKIP_DOT_LOOP
      |      |    |  Z80:13cyc R800:3cyc
      |000429|0529|  18 04
------+------+----+----------------------------------
   554|      |    |FILL_NAME_PADDING :
      |      |    |  label [SUB_SETUP_FCB:FILL_NAME_PADDING] address: 0x00052b
------+------+----+----------------------------------
   555|      |    |DEC HL
      |      |    |  Z80:7cyc R800:1cyc
      |00042B|052B|  2B
------+------+----+----------------------------------
   556|      |    |INC C
      |      |    |  Z80:5cyc R800:1cyc
      |00042C|052C|  0C
------+------+----+----------------------------------
   557|      |    |COPY_EXT_NAME_SKIP_DOT :
      |      |    |  label [SUB_SETUP_FCB:COPY_EXT_NAME_SKIP_DOT] address: 0x00052d
------+------+----+----------------------------------
   558|      |    |LD A, ' '
      |      |    |  Z80:8cyc R800:2cyc
      |00042D|052D|  3E 20
------+------+----+----------------------------------
   559|      |    |COPY_EXT_NAME_SKIP_DOT_LOOP :
      |      |    |  label [SUB_SETUP_FCB:COPY_EXT_NAME_SKIP_DOT_LOOP] address: 0x00052f
------+------+----+----------------------------------
   560|      |    |LD [ DE ], A
      |      |    |  Z80:8cyc R800:4cyc
      |00042F|052F|  12
------+------+----+----------------------------------
   561|      |    |INC DE
      |      |    |  Z80:7cyc R800:1cyc
      |000430|0530|  13
------+------+----+----------------------------------
   562|      |    |DJNZ COPY_EXT_NAME_SKIP_DOT_LOOP
      |      |    |  Z80:14cyc/9cyc R800:3cyc/2cyc
      |000431|0531|  10 FC
------+------+----+----------------------------------
   563|      |    |INC HL
      |      |    |  Z80:7cyc R800:1cyc
      |000433|0533|  23
------+------+----+----------------------------------
   564|      |    |DEC C
      |      |    |  Z80:5cyc R800:1cyc
      |000434|0534|  0D
------+------+----+----------------------------------
   566|      |    |COPY_EXT_NAME :
      |      |    |  label [SUB_SETUP_FCB:COPY_EXT_NAME] address: 0x000535
------+------+----+----------------------------------
   567|      |    |LD B, 3
      |      |    |  Z80:8cyc R800:2cyc
      |000435|0535|  06 03
------+------+----+----------------------------------
   568|      |    |INC C
      |      |    |  Z80:5cyc R800:1cyc
      |000437|0537|  0C
------+------+----+----------------------------------
   569|      |    |DEC C
      |      |    |  Z80:5cyc R800:1cyc
      |000438|0538|  0D
------+------+----+----------------------------------
   570|      |    |JR Z, FILL_EXT_PADDING
      |      |    |  Z80:13cyc/8cyc R800:3cyc/2cyc
      |000439|0539|  28 1C
------+------+----+----------------------------------
   571|      |    |COPY_EXT_NAME_LOOP :
      |      |    |  label [SUB_SETUP_FCB:COPY_EXT_NAME_LOOP] address: 0x00053b
------+------+----+----------------------------------
   572|      |    |LD A, [ HL ]
      |      |    |  Z80:8cyc R800:4cyc
      |00043B|053B|  7E
------+------+----+----------------------------------
   573|      |    |CP A, '*'
      |      |    |  Z80:8cyc R800:2cyc
      |00043C|053C|  FE 2A
------+------+----+----------------------------------
   574|      |    |JR Z, COPY_EXT_NAME_PADDING_WILDCARD
      |      |    |  Z80:13cyc/8cyc R800:3cyc/2cyc
      |00043E|053E|  28 10
------+------+----+----------------------------------
   575|      |    |CALL CHECK_ERROR_CHAR
      |      |    |  Z80:18cyc R800:5cyc
      |000440|0540|  CD 5E 05
------+------+----+----------------------------------
   576|      |    |JP C, ERR_BAD_FILE_NAME
      |      |    |  Z80:11cyc R800:5cyc/3cyc
      |000443|0543|  DA 65 03
------+------+----+----------------------------------
   577|      |    |LD [ DE ], A
      |      |    |  Z80:8cyc R800:4cyc
      |000446|0546|  12
------+------+----+----------------------------------
   578|      |    |INC HL
      |      |    |  Z80:7cyc R800:1cyc
      |000447|0547|  23
------+------+----+----------------------------------
   579|      |    |INC DE
      |      |    |  Z80:7cyc R800:1cyc
      |000448|0548|  13
------+------+----+----------------------------------
   580|      |    |DEC C
      |      |    |  Z80:5cyc R800:1cyc
      |000449|0549|  0D
------+------+----+----------------------------------
   581|      |    |JR Z, COPY_EXT_NAME_PADDING
      |      |    |  Z80:13cyc/8cyc R800:3cyc/2cyc
      |00044A|054A|  28 08
------+------+----+----------------------------------
   582|      |    |DJNZ COPY_EXT_NAME_LOOP
      |      |    |  Z80:14cyc/9cyc R800:3cyc/2cyc
      |00044C|054C|  10 ED
------+------+----+----------------------------------
   583|      |    |JR COPY_NAME_FINISH
      |      |    |  Z80:13cyc R800:3cyc
      |00044E|054E|  18 0D
------+------+----+----------------------------------
   585|      |    |COPY_EXT_NAME_PADDING_WILDCARD :
      |      |    |  label [SUB_SETUP_FCB:COPY_EXT_NAME_PADDING_WILDCARD] address: 0x000550
------+------+----+----------------------------------
   586|      |    |LD A, '?'
      |      |    |  Z80:8cyc R800:2cyc
      |000450|0550|  3E 3F
------+------+----+----------------------------------
   587|      |    |JR COPY_EXT_NAME_PADDING_LOOP
      |      |    |  Z80:13cyc R800:3cyc
      |000452|0552|  18 05
------+------+----+----------------------------------
   589|      |    |COPY_EXT_NAME_PADDING :
      |      |    |  label [SUB_SETUP_FCB:COPY_EXT_NAME_PADDING] address: 0x000554
------+------+----+----------------------------------
   590|      |    |DEC B
      |      |    |  Z80:5cyc R800:1cyc
      |000454|0554|  05
------+------+----+----------------------------------
   591|      |    |JR Z, COPY_NAME_FINISH
      |      |    |  Z80:13cyc/8cyc R800:3cyc/2cyc
      |000455|0555|  28 06
------+------+----+----------------------------------
   592|      |    |FILL_EXT_PADDING :
      |      |    |  label [SUB_SETUP_FCB:FILL_EXT_PADDING] address: 0x000557
------+------+----+----------------------------------
   593|      |    |LD A, ' '
      |      |    |  Z80:8cyc R800:2cyc
      |000457|0557|  3E 20
------+------+----+----------------------------------
   594|      |    |COPY_EXT_NAME_PADDING_LOOP :
      |      |    |  label [SUB_SETUP_FCB:COPY_EXT_NAME_PADDING_LOOP] address: 0x000559
------+------+----+----------------------------------
   595|      |    |LD [ DE ], A
      |      |    |  Z80:8cyc R800:4cyc
      |000459|0559|  12
------+------+----+----------------------------------
   596|      |    |INC DE
      |      |    |  Z80:7cyc R800:1cyc
      |00045A|055A|  13
------+------+----+----------------------------------
   597|      |    |DJNZ COPY_EXT_NAME_PADDING_LOOP
      |      |    |  Z80:14cyc/9cyc R800:3cyc/2cyc
      |00045B|055B|  10 FC
------+------+----+----------------------------------
   599|      |    |COPY_NAME_FINISH :
      |      |    |  label [SUB_SETUP_FCB:COPY_NAME_FINISH] address: 0x00055d
------+------+----+----------------------------------
   600|      |    |RET
      |      |    |  Z80:11cyc R800:5cyc
      |00045D|055D|  C9
------+------+----+----------------------------------
   602|      |    |CHECK_ERROR_CHAR :
      |      |    |  label [SUB_SETUP_FCB:CHECK_ERROR_CHAR] address: 0x00055e
------+------+----+----------------------------------
   603|      |    |PUSH HL
      |      |    |  Z80:12cyc R800:6cyc
      |00045E|055E|  E5
------+------+----+----------------------------------
   604|      |    |PUSH BC
      |      |    |  Z80:12cyc R800:6cyc
      |00045F|055F|  C5
------+------+----+----------------------------------
   605|      |    |LD HL, ERROR_CHAR
      |      |    |  Z80:11cyc R800:3cyc
      |000460|0560|  21 7F 05
------+------+----+----------------------------------
   606|      |    |LD B, A
      |      |    |  Z80:5cyc R800:2cyc
      |000463|0563|  47
------+------+----+----------------------------------
   607|      |    |CHECK_ERROR_CHAR_LOOP :
      |      |    |  label [SUB_SETUP_FCB:CHECK_ERROR_CHAR_LOOP] address: 0x000564
------+------+----+----------------------------------
   608|      |    |LD A, [ HL ]
      |      |    |  Z80:8cyc R800:4cyc
      |000464|0564|  7E
------+------+----+----------------------------------
   609|      |    |OR A, A
      |      |    |  Z80:5cyc R800:1cyc
      |000465|0565|  B7
------+------+----+----------------------------------
   610|      |    |JR Z, CHECK_ERROR_EXIT
      |      |    |  Z80:13cyc/8cyc R800:3cyc/2cyc
      |000466|0566|  28 07
------+------+----+----------------------------------
   611|      |    |CP A, B
      |      |    |  Z80:5cyc R800:1cyc
      |000468|0568|  B8
------+------+----+----------------------------------
   612|      |    |SCF
      |      |    |  Z80:5cyc R800:1cyc
      |000469|0569|  37
------+------+----+----------------------------------
   613|      |    |JR Z, CHECK_ERROR_EXIT
      |      |    |  Z80:13cyc/8cyc R800:3cyc/2cyc
      |00046A|056A|  28 03
------+------+----+----------------------------------
   614|      |    |INC HL
      |      |    |  Z80:7cyc R800:1cyc
      |00046C|056C|  23
------+------+----+----------------------------------
   615|      |    |JR CHECK_ERROR_CHAR_LOOP
      |      |    |  Z80:13cyc R800:3cyc
      |00046D|056D|  18 F5
------+------+----+----------------------------------
   616|      |    |CHECK_ERROR_EXIT :
      |      |    |  label [SUB_SETUP_FCB:CHECK_ERROR_EXIT] address: 0x00056f
------+------+----+----------------------------------
   617|      |    |LD A, B
      |      |    |  Z80:5cyc R800:2cyc
      |00046F|056F|  78
------+------+----+----------------------------------
   618|      |    |POP BC
      |      |    |  Z80:11cyc R800:5cyc
      |000470|0570|  C1
------+------+----+----------------------------------
   619|      |    |POP HL
      |      |    |  Z80:11cyc R800:5cyc
      |000471|0571|  E1
------+------+----+----------------------------------
   620|      |    |RET C
      |      |    |  Z80:12cyc/6cyc R800:5cyc/1cyc
      |000472|0572|  D8
------+------+----+----------------------------------
   621|      |    |TOUPPER :
      |      |    |  label [SUB_SETUP_FCB:TOUPPER] address: 0x000573
------+------+----+----------------------------------
   622|      |    |CP A, 'a'
      |      |    |  Z80:8cyc R800:2cyc
      |000473|0573|  FE 61
------+------+----+----------------------------------
   623|      |    |JR C, TOUPPER_EXIT
      |      |    |  Z80:13cyc/8cyc R800:3cyc/2cyc
      |000475|0575|  38 06
------+------+----+----------------------------------
   624|      |    |CP A, 'z' + 1
      |      |    |  Z80:8cyc R800:2cyc
      |000477|0577|  FE 7B
------+------+----+----------------------------------
   625|      |    |JR NC, TOUPPER_EXIT
      |      |    |  Z80:13cyc/8cyc R800:3cyc/2cyc
      |000479|0579|  30 02
------+------+----+----------------------------------
   626|      |    |AND A, 0b1101_1111
      |      |    |  Z80:8cyc R800:2cyc
      |00047B|057B|  E6 DF
------+------+----+----------------------------------
   627|      |    |TOUPPER_EXIT :
      |      |    |  label [SUB_SETUP_FCB:TOUPPER_EXIT] address: 0x00057d
------+------+----+----------------------------------
   628|      |    |OR A, A
      |      |    |  Z80:5cyc R800:1cyc
      |00047D|057D|  B7
------+------+----+----------------------------------
   629|      |    |RET
      |      |    |  Z80:11cyc R800:5cyc
      |00047E|057E|  C9
------+------+----+----------------------------------
   630|      |    |ERROR_CHAR :
      |      |    |  label [SUB_SETUP_FCB:ERROR_CHAR] address: 0x00057f
------+------+----+----------------------------------
   631|      |    |DB ":\"\\^|<>,./ ", 0
      |00047F|057F|  3A 22 5C 5E 7C 3C 3E 2C
      |000487|0587|  2E 2F 20 00
------+------+----+----------------------------------
   632|      |    |ENDSCOPE
      |      |    |  Exit scope: SUB_SETUP_FCB:
------+------+----+----------------------------------
   646|      |    |SCOPE SUB_FCREATE
      |      |    |  Enter scope: SUB_FCREATE:
------+------+----+----------------------------------
   647|      |    |SUB_FCREATE ::
      |      |    |  global label [SUB_FCREATE] address: 0x00058b
------+------+----+----------------------------------
   648|      |    |PUSH DE
      |      |    |  Z80:12cyc R800:6cyc
      |00048B|058B|  D5
------+------+----+----------------------------------
   649|      |    |CALL SUB_SETUP_FCB
      |      |    |  Z80:18cyc R800:5cyc
      |00048C|058C|  CD CB 04
------+------+----+----------------------------------
   650|      |    |POP DE
      |      |    |  Z80:11cyc R800:5cyc
      |00048F|058F|  D1
------+------+----+----------------------------------
   651|      |    |PUSH DE
      |      |    |  Z80:12cyc R800:6cyc
      |000490|0590|  D5
------+------+----+----------------------------------
   652|      |    |LD C, _FMAKE
      |      |    |  Z80:8cyc R800:2cyc
      |000491|0591|  0E 16
------+------+----+----------------------------------
   653|      |    |CALL BDOS
      |      |    |  Z80:18cyc R800:5cyc
      |000493|0593|  CD 05 00
------+------+----+----------------------------------
   654|      |    |POP HL
      |      |    |  Z80:11cyc R800:5cyc
      |000496|0596|  E1
------+------+----+----------------------------------
   655|      |    |LD DE, 14
      |      |    |  Z80:11cyc R800:3cyc
      |000497|0597|  11 0E 00
------+------+----+----------------------------------
   656|      |    |ADD HL, DE
      |      |    |  Z80:12cyc R800:1cyc
      |00049A|059A|  19
------+------+----+----------------------------------
   657|      |    |PUSH AF
      |      |    |  Z80:12cyc R800:6cyc
      |00049B|059B|  F5
------+------+----+----------------------------------
   658|      |    |LD A, 1
      |      |    |  Z80:8cyc R800:2cyc
      |00049C|059C|  3E 01
------+------+----+----------------------------------
   659|      |    |LD [ HL ], A
      |      |    |  Z80:8cyc R800:4cyc
      |00049E|059E|  77
------+------+----+----------------------------------
   660|      |    |DEC A
      |      |    |  Z80:5cyc R800:1cyc
      |00049F|059F|  3D
------+------+----+----------------------------------
   661|      |    |INC HL
      |      |    |  Z80:7cyc R800:1cyc
      |0004A0|05A0|  23
------+------+----+----------------------------------
   662|      |    |LD [ HL ], A
      |      |    |  Z80:8cyc R800:4cyc
      |0004A1|05A1|  77
------+------+----+----------------------------------
   663|      |    |LD DE, 33 - 15
      |      |    |  Z80:11cyc R800:3cyc
      |0004A2|05A2|  11 12 00
------+------+----+----------------------------------
   664|      |    |ADD HL, DE
      |      |    |  Z80:12cyc R800:1cyc
      |0004A5|05A5|  19
------+------+----+----------------------------------
   665|      |    |LD [ HL ], A
      |      |    |  Z80:8cyc R800:4cyc
      |0004A6|05A6|  77
------+------+----+----------------------------------
   666|      |    |INC HL
      |      |    |  Z80:7cyc R800:1cyc
      |0004A7|05A7|  23
------+------+----+----------------------------------
   667|      |    |LD [ HL ], A
      |      |    |  Z80:8cyc R800:4cyc
      |0004A8|05A8|  77
------+------+----+----------------------------------
   668|      |    |INC HL
      |      |    |  Z80:7cyc R800:1cyc
      |0004A9|05A9|  23
------+------+----+----------------------------------
   669|      |    |LD [ HL ], A
      |      |    |  Z80:8cyc R800:4cyc
      |0004AA|05AA|  77
------+------+----+----------------------------------
   670|      |    |INC HL
      |      |    |  Z80:7cyc R800:1cyc
      |0004AB|05AB|  23
------+------+----+----------------------------------
   671|      |    |LD [ HL ], A
      |      |    |  Z80:8cyc R800:4cyc
      |0004AC|05AC|  77
------+------+----+----------------------------------
   672|      |    |POP AF
      |      |    |  Z80:11cyc R800:5cyc
      |0004AD|05AD|  F1
------+------+----+----------------------------------
   673|      |    |RET
      |      |    |  Z80:11cyc R800:5cyc
      |0004AE|05AE|  C9
------+------+----+----------------------------------
   674|      |    |ENDSCOPE
      |      |    |  Exit scope: SUB_FCREATE:
------+------+----+----------------------------------
   687|      |    |SCOPE SUB_FCLOSE
      |      |    |  Enter scope: SUB_FCLOSE:
------+------+----+----------------------------------
   688|      |    |SUB_FCLOSE ::
      |      |    |  global label [SUB_FCLOSE] address: 0x0005af
------+------+----+----------------------------------
   689|      |    |LD C, _FCLOSE
      |      |    |  Z80:8cyc R800:2cyc
      |0004AF|05AF|  0E 10
------+------+----+----------------------------------
   690|      |    |EX DE, HL
      |      |    |  Z80:5cyc R800:1cyc
      |0004B1|05B1|  EB
------+------+----+----------------------------------
   691|      |    |JP BDOS
      |      |    |  Z80:11cyc R800:5cyc
      |0004B2|05B2|  C3 05 00
------+------+----+----------------------------------
   692|      |    |ENDSCOPE
      |      |    |  Exit scope: SUB_FCLOSE:
------+------+----+----------------------------------
   707|      |    |SCOPE SUB_FWRITE
      |      |    |  Enter scope: SUB_FWRITE:
------+------+----+----------------------------------
   708|      |    |SUB_FWRITE ::
      |      |    |  global label [SUB_FWRITE] address: 0x0005b5
------+------+----+----------------------------------
   709|      |    |PUSH BC
      |      |    |  Z80:12cyc R800:6cyc
      |0004B5|05B5|  C5
------+------+----+----------------------------------
   710|      |    |PUSH HL
      |      |    |  Z80:12cyc R800:6cyc
      |0004B6|05B6|  E5
------+------+----+----------------------------------
   712|      |    |LD C, _SETDTA
      |      |    |  Z80:8cyc R800:2cyc
      |0004B7|05B7|  0E 1A
------+------+----+----------------------------------
   713|      |    |CALL BDOS
      |      |    |  Z80:18cyc R800:5cyc
      |0004B9|05B9|  CD 05 00
------+------+----+----------------------------------
   715|      |    |POP DE
      |      |    |  Z80:11cyc R800:5cyc
      |0004BC|05BC|  D1
------+------+----+----------------------------------
   716|      |    |POP HL
      |      |    |  Z80:11cyc R800:5cyc
      |0004BD|05BD|  E1
------+------+----+----------------------------------
   717|      |    |LD C, _WRBLK
      |      |    |  Z80:8cyc R800:2cyc
      |0004BE|05BE|  0E 26
------+------+----+----------------------------------
   718|      |    |JP BDOS
      |      |    |  Z80:11cyc R800:5cyc
      |0004C0|05C0|  C3 05 00
------+------+----+----------------------------------
   719|      |    |ENDSCOPE
      |      |    |  Exit scope: SUB_FWRITE:
------+------+----+----------------------------------
   721|      |    |BUFFER ::
      |      |    |  global label [BUFFER] address: 0x0005c3
------+------+----+----------------------------------
<< label >>
BDOS ........................................... 5 ( 0x5 )
BUFFER ......................................... 1475 ( 0x5c3 )
ENASLT ......................................... 36 ( 0x24 )
ERR_BAD_FILE_NAME .............................. 869 ( 0x365 )
MAIN ........................................... 256 ( 0x100 )
MAIN:DOS2_DUMP ................................. 821 ( 0x335 )
MAIN:FCB ....................................... 1149 ( 0x47d )
MAIN:LOOP_BLOCK_TRANSFER_JIS1 .................. 577 ( 0x241 )
MAIN:LOOP_BLOCK_TRANSFER_JIS2 .................. 643 ( 0x283 )
MAIN:LOOP_FILE_WRITE_JIS1 ...................... 570 ( 0x23a )
MAIN:LOOP_FILE_WRITE_JIS2 ...................... 636 ( 0x27c )
MAIN:LOOP_FONT_JIS1 ............................ 593 ( 0x251 )
MAIN:LOOP_FONT_JIS2 ............................ 659 ( 0x293 )
MAIN:PUT_CRLF .................................. 878 ( 0x36e )
MAIN:PUT_ERROR ................................. 869 ( 0x365 )
MAIN:S_COMPLETED ............................... 1039 ( 0x40f )
MAIN:S_CRLF .................................... 927 ( 0x39f )
MAIN:S_DOS1 .................................... 1002 ( 0x3ea )
MAIN:S_DOS1_ROM_FILE_NAME ...................... 1124 ( 0x464 )
MAIN:S_DOS2 .................................... 1014 ( 0x3f6 )
MAIN:S_DOS2_ROM_FILE_NAME ...................... 1136 ( 0x470 )
MAIN:S_FOPEN_ERROR ............................. 1026 ( 0x402 )
MAIN:S_IOTBASIC ................................ 966 ( 0x3c6 )
MAIN:S_IOTBASIC_ROM_FILE_NAME .................. 1088 ( 0x440 )
MAIN:S_KANJIBASIC .............................. 978 ( 0x3d2 )
MAIN:S_KANJIDRIVER_ROM_FILE_NAME ............... 1100 ( 0x44c )
MAIN:S_KANJIFONT_ROM_FILE_NAME ................. 1112 ( 0x458 )
MAIN:S_KANJIFOONT .............................. 990 ( 0x3de )
MAIN:S_MAIN_ROM ................................ 930 ( 0x3a2 )
MAIN:S_MAIN_ROM_FILE_NAME ...................... 1050 ( 0x41a )
MAIN:S_SUB_ROM ................................. 942 ( 0x3ae )
MAIN:S_SUB_ROM_FILE_NAME ....................... 1063 ( 0x427 )
MAIN:S_TITLE ................................... 887 ( 0x377 )
MAIN:S_XBASIC .................................. 954 ( 0x3ba )
MAIN:S_XBASIC_ROM_FILE_NAME .................... 1075 ( 0x433 )
RDSLT .......................................... 12 ( 0xc )
ROM_DUMP ....................................... 1186 ( 0x4a2 )
ROM_DUMP:LOOP .................................. 1187 ( 0x4a3 )
ROM_DUMP:SKIP1 ................................. 1221 ( 0x4c5 )
SUB_FCLOSE ..................................... 1455 ( 0x5af )
SUB_FCREATE .................................... 1419 ( 0x58b )
SUB_FWRITE ..................................... 1461 ( 0x5b5 )
SUB_SETUP_FCB .................................. 1227 ( 0x4cb )
SUB_SETUP_FCB:CHECK_ERROR_CHAR ................. 1374 ( 0x55e )
SUB_SETUP_FCB:CHECK_ERROR_CHAR_LOOP ............ 1380 ( 0x564 )
SUB_SETUP_FCB:CHECK_ERROR_EXIT ................. 1391 ( 0x56f )
SUB_SETUP_FCB:COPY_EXT_NAME .................... 1333 ( 0x535 )
SUB_SETUP_FCB:COPY_EXT_NAME_LOOP ............... 1339 ( 0x53b )
SUB_SETUP_FCB:COPY_EXT_NAME_PADDING ............ 1364 ( 0x554 )
SUB_SETUP_FCB:COPY_EXT_NAME_PADDING_LOOP ....... 1369 ( 0x559 )
SUB_SETUP_FCB:COPY_EXT_NAME_PADDING_WILDCARD ... 1360 ( 0x550 )
SUB_SETUP_FCB:COPY_EXT_NAME_SKIP_DOT ........... 1325 ( 0x52d )
SUB_SETUP_FCB:COPY_EXT_NAME_SKIP_DOT_LOOP ...... 1327 ( 0x52f )
SUB_SETUP_FCB:COPY_EXT_NAME_SKIP_WILDCARD ...... 1318 ( 0x526 )
SUB_SETUP_FCB:COPY_FILE_NAME ................... 1283 ( 0x503 )
SUB_SETUP_FCB:COPY_FILE_NAME_LOOP .............. 1287 ( 0x507 )
SUB_SETUP_FCB:COPY_NAME_FINISH ................. 1373 ( 0x55d )
SUB_SETUP_FCB:ERROR_CHAR ....................... 1407 ( 0x57f )
SUB_SETUP_FCB:FILL_EXT_PADDING ................. 1367 ( 0x557 )
SUB_SETUP_FCB:FILL_NAME_PADDING ................ 1323 ( 0x52b )
SUB_SETUP_FCB:TOUPPER .......................... 1395 ( 0x573 )
SUB_SETUP_FCB:TOUPPER_EXIT ..................... 1405 ( 0x57d )
_ALLOC ......................................... 27 ( 0x1b )
_AUXIN ......................................... 3 ( 0x3 )
_AUXOUT ........................................ 4 ( 0x4 )
_BUFIN ......................................... 10 ( 0xa )
_CONIN ......................................... 1 ( 0x1 )
_CONOUT ........................................ 2 ( 0x2 )
_CONST ......................................... 11 ( 0xb )
_CPMVER ........................................ 12 ( 0xc )
_CURDRV ........................................ 25 ( 0x19 )
_DIRIN ......................................... 7 ( 0x7 )
_DIRIO ......................................... 6 ( 0x6 )
_DPARM ......................................... 49 ( 0x31 )
_DSKRST ........................................ 13 ( 0xd )
_FCLOSE ........................................ 16 ( 0x10 )
_FDEL .......................................... 19 ( 0x13 )
_FFIRST ........................................ 64 ( 0x40 )
_FMAKE ......................................... 22 ( 0x16 )
_FNEW .......................................... 66 ( 0x42 )
_FNEXT ......................................... 65 ( 0x41 )
_FOPEN ......................................... 15 ( 0xf )
_FREN .......................................... 23 ( 0x17 )
_FSIZE ......................................... 35 ( 0x23 )
_GDATE ......................................... 42 ( 0x2a )
_GTIME ......................................... 44 ( 0x2c )
_INNOE ......................................... 8 ( 0x8 )
_LOGIN ......................................... 24 ( 0x18 )
_LSTOUT ........................................ 5 ( 0x5 )
_RDABS ......................................... 47 ( 0x2f )
_RDBLK ......................................... 39 ( 0x27 )
_RDRND ......................................... 33 ( 0x21 )
_RDSEQ ......................................... 20 ( 0x14 )
_SDATE ......................................... 43 ( 0x2b )
_SELDSK ........................................ 14 ( 0xe )
_SETDTA ........................................ 26 ( 0x1a )
_SETRND ........................................ 36 ( 0x24 )
_SFIRST ........................................ 17 ( 0x11 )
_SNEXT ......................................... 18 ( 0x12 )
_STIME ......................................... 45 ( 0x2d )
_STROUT ........................................ 9 ( 0x9 )
_TERM0 ......................................... 0 ( 0x0 )
_VERIFY ........................................ 46 ( 0x2e )
_WRABS ......................................... 48 ( 0x30 )
_WRBLK ......................................... 38 ( 0x26 )
_WRRND ......................................... 34 ( 0x22 )
_WRSEQ ......................................... 21 ( 0x15 )
_WRSER ......................................... 40 ( 0x28 )
